Welcome to the Emacs shell

~/Documents/Projects/rt_ranknet $ python ranknet.py -i 0019 0045 0047 0063 0001 0002 -e 10 -b 131072 --standardize --sizes 128 128 --test 0045 0019 0047 0063 0001 0002 -t rdk --sysinfo
Epoch 1/10
46/46 [==============================] - 10s 224ms/step - loss: 0.7457 - val_loss: 0.6931
Epoch 2/10
46/46 [==============================] - 10s 207ms/step - loss: 0.6931 - val_loss: 0.6931
Epoch 3/10
46/46 [==============================] - 9s 206ms/step - loss: 0.6931 - val_loss: 0.6931
train: 0.000
test: 0.000
val: 0.000
evaluating on different dataset(s) (['0045', '0019', '0047', '0063', '0001', '0002'])
0045: 0.000 	 (#data: 1606)
0019: 0.000 	 (#data: 364)
0047: 0.000 	 (#data: 398)
0063: 0.000 	 (#data: 1686)
0001: 0.000 	 (#data: 72)
0002: 0.000 	 (#data: 403)
~/Documents/Projects/rt_ranknet $ python ranknet.py -i 0019 0045 0047 0063 0001 0002 -e 10 -b 131072 --standardize --sizes 128 128 --test 0045 0019 0047 0063 0001 0002 -t rdk --sysinfo
ranknet.py:491: RuntimeWarning: invalid value encountered in true_divide
  fields.append((self.df[rel_columns].values - means) / scales)
Epoch 1/10
46/46 [==============================] - 10s 207ms/step - loss: 0.6931 - val_loss: 0.6931
Epoch 2/10
16/46 [=========>....................] - ETA: 6s - loss: 0.6931interrupted training, evaluating...
train: 0.000
test: 0.000
val: 0.000
evaluating on different dataset(s) (['0045', '0019', '0047', '0063', '0001', '0002'])
ranknet.py:491: RuntimeWarning: invalid value encountered in true_divide
  fields.append((self.df[rel_columns].values - means) / scales)
0045: 0.000 	 (#data: 1606)
ranknet.py:491: RuntimeWarning: invalid value encountered in true_divide
  fields.append((self.df[rel_columns].values - means) / scales)
0019: 0.000 	 (#data: 364)
ranknet.py:491: RuntimeWarning: invalid value encountered in true_divide
  fields.append((self.df[rel_columns].values - means) / scales)
0047: 0.000 	 (#data: 398)
ranknet.py:491: RuntimeWarning: invalid value encountered in true_divide
  fields.append((self.df[rel_columns].values - means) / scales)
0063: 0.000 	 (#data: 1686)
ranknet.py:491: RuntimeWarning: invalid value encountered in true_divide
  fields.append((self.df[rel_columns].values - means) / scales)
0001: 0.000 	 (#data: 72)
ranknet.py:491: RuntimeWarning: invalid value encountered in true_divide
  fields.append((self.df[rel_columns].values - means) / scales)
0002: 0.000 	 (#data: 403)
~/Documents/Projects/rt_ranknet $ python ranknet.py -i 0019 0045 0047 0063 0001 0002 -e 10 -b 131072 --standardize --sizes 128 128 --test 0045 0019 0047 0063 0001 0002 -t rdk --sysinfo
Epoch 1/10
46/46 [==============================] - 10s 210ms/step - loss: 0.6932 - val_loss: 0.6931
Epoch 2/10
46/46 [==============================] - 10s 216ms/step - loss: 0.6931 - val_loss: 0.6931
Epoch 3/10
46/46 [==============================] - 10s 210ms/step - loss: 0.6931 - val_loss: 0.6931
train: 0.000
test: 0.000
val: 0.000
evaluating on different dataset(s) (['0045', '0019', '0047', '0063', '0001', '0002'])
0045: 0.000 	 (#data: 1606)
0019: 0.000 	 (#data: 364)
0047: 0.000 	 (#data: 398)
0063: 0.000 	 (#data: 1686)
0001: 0.000 	 (#data: 72)
0002: 0.000 	 (#data: 403)
~/Documents/Projects/rt_ranknet $ python ranknet.py -i 0019 0045 0047 0063 0001 0002 -e 10 -b 131072 --standardize --sizes 128 128 --test 0045 0019 0047 0063 0001 0002 -t rdk --sysinfo
Epoch 1/10
46/46 [==============================] - 10s 209ms/step - loss: 0.6932 - val_loss: 0.6931
Epoch 2/10
46/46 [==============================] - 10s 207ms/step - loss: 0.6931 - val_loss: 0.6931
Epoch 3/10
17/46 [==========>...................] - ETA: 6s - loss: 0.6931interrupted training, evaluating...
train: 0.000
test: 0.000
val: 0.000
evaluating on different dataset(s) (['0045', '0019', '0047', '0063', '0001', '0002'])
0045: 0.000 	 (#data: 1606)
0019: 0.000 	 (#data: 364)
0047: 0.000 	 (#data: 398)
0063: 0.000 	 (#data: 1686)
0001: 0.000 	 (#data: 72)
0002: 0.000 	 (#data: 403)
~/Documents/Projects/rt_ranknet $ python ranknet.py -i 0019 0045 0047 0063 0001 0002 -e 10 -b 131072 --standardize --sizes 128 128 --test 0045 0019 0047 0063 0001 0002 -t rdk --sysinfo
Epoch 1/10
46/46 [==============================] - 10s 213ms/step - loss: 0.6930 - val_loss: 0.6931
Epoch 2/10
46/46 [==============================] - 10s 209ms/step - loss: 0.6931 - val_loss: 0.6931
Epoch 3/10
46/46 [==============================] - 10s 215ms/step - loss: 0.6931 - val_loss: 0.6931
train: 0.000
test: 0.000
val: 0.000
evaluating on different dataset(s) (['0045', '0019', '0047', '0063', '0001', '0002'])
0045: 0.000 	 (#data: 1606)
0019: 0.000 	 (#data: 364)
0047: 0.000 	 (#data: 398)
0063: 0.000 	 (#data: 1686)
0001: 0.000 	 (#data: 72)
0002: 0.000 	 (#data: 403)
~/Documents/Projects/rt_ranknet $ python ranknet.py -i 0017 0019 0045 0047 -e 10 -b 131072 --standardize --sizes 128 128 -t rdk --sysinfo
Epoch 1/10
17/17 [==============================] - 3s 197ms/step - loss: 0.6972 - val_loss: 0.6931
Epoch 2/10
17/17 [==============================] - 3s 195ms/step - loss: 0.6931 - val_loss: 0.6931
Epoch 3/10
17/17 [==============================] - 3s 198ms/step - loss: 0.6931 - val_loss: 0.6931
train: 0.000
test: 0.000
val: 0.000
~/Documents/Projects/rt_ranknet $ python ranknet.py -i 0017 0019 0045 0047 -e 10 -b 131072 --standardize --sizes 128 128 -t rdk --sysinfo
Epoch 1/10
17/17 [==============================] - 3s 200ms/step - loss: 0.6945 - val_loss: 0.6931
Epoch 2/10
17/17 [==============================] - 3s 196ms/step - loss: 0.6931 - val_loss: 0.6931
Epoch 3/10
17/17 [==============================] - 3s 193ms/step - loss: 0.6931 - val_loss: 0.6931
train: 0.000
test: 0.000
val: 0.000
~/Documents/Projects/rt_ranknet $ python ranknet.py -i 0019 -e 10 -b 131072 --standardize --sizes 128 128 -t rdk --sysinfo
Epoch 1/10
1/1 [==============================] - 0s 160ms/step - loss: 0.7697 - val_loss: 0.7533
Epoch 2/10
1/1 [==============================] - 0s 43ms/step - loss: 0.6285 - val_loss: 0.7015
Epoch 3/10
1/1 [==============================] - 0s 57ms/step - loss: 0.5453 - val_loss: 0.6635
Epoch 4/10
1/1 [==============================] - 0s 47ms/step - loss: 0.4937 - val_loss: 0.6320
Epoch 5/10
1/1 [==============================] - 0s 42ms/step - loss: 0.4532 - val_loss: 0.6019
Epoch 6/10
1/1 [==============================] - 0s 40ms/step - loss: 0.4187 - val_loss: 0.5712
Epoch 7/10
1/1 [==============================] - 0s 57ms/step - loss: 0.3893 - val_loss: 0.5410
Epoch 8/10
1/1 [==============================] - 0s 54ms/step - loss: 0.3648 - val_loss: 0.5121
Epoch 9/10
1/1 [==============================] - 0s 40ms/step - loss: 0.3452 - val_loss: 0.4852
Epoch 10/10
1/1 [==============================] - 0s 48ms/step - loss: 0.3293 - val_loss: 0.4629
train: 0.923
test: 0.850
val: 0.838
~/Documents/Projects/rt_ranknet $ python ranknet.py -i 0019 -e 10 -b 131072 --standardize --sizes 128 128 -t rdk
Epoch 1/10
1/1 [==============================] - 0s 159ms/step - loss: 0.8972 - val_loss: 0.6284
Epoch 2/10
1/1 [==============================] - 0s 40ms/step - loss: 0.7114 - val_loss: 0.5531
Epoch 3/10
1/1 [==============================] - 0s 44ms/step - loss: 0.6078 - val_loss: 0.5058
Epoch 4/10
1/1 [==============================] - 0s 56ms/step - loss: 0.5426 - val_loss: 0.4717
Epoch 5/10
1/1 [==============================] - 0s 52ms/step - loss: 0.4942 - val_loss: 0.4454
Epoch 6/10
1/1 [==============================] - 0s 52ms/step - loss: 0.4550 - val_loss: 0.4261
Epoch 7/10
1/1 [==============================] - 0s 48ms/step - loss: 0.4227 - val_loss: 0.4135
Epoch 8/10
1/1 [==============================] - 0s 55ms/step - loss: 0.3966 - val_loss: 0.4054
Epoch 9/10
1/1 [==============================] - 0s 41ms/step - loss: 0.3761 - val_loss: 0.4008
Epoch 10/10
1/1 [==============================] - 0s 52ms/step - loss: 0.3606 - val_loss: 0.3977
train: 0.909
test: 0.818
val: 0.895
~/Documents/Projects/rt_ranknet $ python ranknet.py -i 0019 -e 100 -b 131072 --standardize --sizes 128 128 -t rdk --sysinfo
Epoch 1/100
1/1 [==============================] - 0s 160ms/step - loss: 0.6881 - val_loss: 0.6649
Epoch 2/100
1/1 [==============================] - 0s 41ms/step - loss: 0.5926 - val_loss: 0.6409
Epoch 3/100
1/1 [==============================] - 0s 42ms/step - loss: 0.5247 - val_loss: 0.6175
Epoch 4/100
1/1 [==============================] - 0s 52ms/step - loss: 0.4748 - val_loss: 0.5991
Epoch 5/100
1/1 [==============================] - 0s 49ms/step - loss: 0.4371 - val_loss: 0.5863
Epoch 6/100
1/1 [==============================] - 0s 44ms/step - loss: 0.4074 - val_loss: 0.5770
Epoch 7/100
1/1 [==============================] - 0s 56ms/step - loss: 0.3830 - val_loss: 0.5700
Epoch 8/100
1/1 [==============================] - 0s 60ms/step - loss: 0.3624 - val_loss: 0.5662
Epoch 9/100
1/1 [==============================] - 0s 52ms/step - loss: 0.3445 - val_loss: 0.5645
Epoch 10/100
1/1 [==============================] - 0s 50ms/step - loss: 0.3286 - val_loss: 0.5629
Epoch 11/100
1/1 [==============================] - 0s 42ms/step - loss: 0.3141 - val_loss: 0.5614
Epoch 12/100
1/1 [==============================] - 0s 53ms/step - loss: 0.3009 - val_loss: 0.5606
Epoch 13/100
1/1 [==============================] - 0s 47ms/step - loss: 0.2889 - val_loss: 0.5611
Epoch 14/100
1/1 [==============================] - 0s 45ms/step - loss: 0.2780 - val_loss: 0.5626
train: 0.932
test: 0.921
val: 0.857
~/Documents/Projects/rt_ranknet $ python ranknet.py -i 0019 -e 100 -b 131072 --standardize --sizes 128 128 -t rdk --sysinfo
Epoch 1/100
1/1 [==============================] - 0s 161ms/step - loss: 0.7898 - val_loss: 0.7196
Epoch 2/100
1/1 [==============================] - 0s 40ms/step - loss: 0.6594 - val_loss: 0.6318
Epoch 3/100
1/1 [==============================] - 0s 48ms/step - loss: 0.5852 - val_loss: 0.5710
Epoch 4/100
1/1 [==============================] - 0s 44ms/step - loss: 0.5354 - val_loss: 0.5294
Epoch 5/100
1/1 [==============================] - 0s 60ms/step - loss: 0.4942 - val_loss: 0.5007
Epoch 6/100
1/1 [==============================] - 0s 40ms/step - loss: 0.4580 - val_loss: 0.4799
Epoch 7/100
1/1 [==============================] - 0s 45ms/step - loss: 0.4267 - val_loss: 0.4642
Epoch 8/100
1/1 [==============================] - 0s 49ms/step - loss: 0.4008 - val_loss: 0.4513
Epoch 9/100
1/1 [==============================] - 0s 50ms/step - loss: 0.3796 - val_loss: 0.4391
Epoch 10/100
1/1 [==============================] - 0s 50ms/step - loss: 0.3619 - val_loss: 0.4257
Epoch 11/100
1/1 [==============================] - 0s 49ms/step - loss: 0.3460 - val_loss: 0.4101
Epoch 12/100
1/1 [==============================] - 0s 56ms/step - loss: 0.3306 - val_loss: 0.3923
Epoch 13/100
1/1 [==============================] - 0s 50ms/step - loss: 0.3158 - val_loss: 0.3738
Epoch 14/100
1/1 [==============================] - 0s 48ms/step - loss: 0.3022 - val_loss: 0.3564
Epoch 15/100
1/1 [==============================] - 0s 56ms/step - loss: 0.2903 - val_loss: 0.3412
Epoch 16/100
1/1 [==============================] - 0s 42ms/step - loss: 0.2798 - val_loss: 0.3292
Epoch 17/100
1/1 [==============================] - 0s 46ms/step - loss: 0.2703 - val_loss: 0.3204
Epoch 18/100
1/1 [==============================] - 0s 50ms/step - loss: 0.2612 - val_loss: 0.3141
Epoch 19/100
1/1 [==============================] - 0s 44ms/step - loss: 0.2523 - val_loss: 0.3103
Epoch 20/100
1/1 [==============================] - 0s 53ms/step - loss: 0.2441 - val_loss: 0.3084
Epoch 21/100
1/1 [==============================] - 0s 49ms/step - loss: 0.2367 - val_loss: 0.3070
Epoch 22/100
1/1 [==============================] - 0s 46ms/step - loss: 0.2300 - val_loss: 0.3051
Epoch 23/100
1/1 [==============================] - 0s 44ms/step - loss: 0.2238 - val_loss: 0.3022
Epoch 24/100
1/1 [==============================] - 0s 52ms/step - loss: 0.2179 - val_loss: 0.2981
Epoch 25/100
1/1 [==============================] - 0s 61ms/step - loss: 0.2120 - val_loss: 0.2934
Epoch 26/100
1/1 [==============================] - 0s 48ms/step - loss: 0.2064 - val_loss: 0.2889
Epoch 27/100
1/1 [==============================] - 0s 48ms/step - loss: 0.2012 - val_loss: 0.2852
Epoch 28/100
1/1 [==============================] - 0s 50ms/step - loss: 0.1964 - val_loss: 0.2827
Epoch 29/100
1/1 [==============================] - 0s 44ms/step - loss: 0.1916 - val_loss: 0.2811
Epoch 30/100
1/1 [==============================] - 0s 55ms/step - loss: 0.1869 - val_loss: 0.2804
Epoch 31/100
1/1 [==============================] - 0s 58ms/step - loss: 0.1823 - val_loss: 0.2800
Epoch 32/100
1/1 [==============================] - 0s 41ms/step - loss: 0.1781 - val_loss: 0.2795
Epoch 33/100
1/1 [==============================] - 0s 54ms/step - loss: 0.1741 - val_loss: 0.2788
Epoch 34/100
1/1 [==============================] - 0s 51ms/step - loss: 0.1703 - val_loss: 0.2776
Epoch 35/100
1/1 [==============================] - 0s 50ms/step - loss: 0.1666 - val_loss: 0.2762
Epoch 36/100
1/1 [==============================] - 0s 51ms/step - loss: 0.1630 - val_loss: 0.2752
Epoch 37/100
1/1 [==============================] - 0s 48ms/step - loss: 0.1596 - val_loss: 0.2749
Epoch 38/100
1/1 [==============================] - 0s 41ms/step - loss: 0.1564 - val_loss: 0.2754
Epoch 39/100
1/1 [==============================] - 0s 44ms/step - loss: 0.1533 - val_loss: 0.2764
train: 0.984
test: 0.919
val: 0.924
~/Documents/Projects/rt_ranknet $ python ranknet.py -i 0019 -e 100 -b 131072 --standardize --sizes 128 128 -t rdk
Epoch 1/100
1/1 [==============================] - 0s 163ms/step - loss: 0.6872 - val_loss: 0.6032
Epoch 2/100
1/1 [==============================] - 0s 40ms/step - loss: 0.6034 - val_loss: 0.5245
Epoch 3/100
1/1 [==============================] - 0s 50ms/step - loss: 0.5413 - val_loss: 0.4657
Epoch 4/100
1/1 [==============================] - 0s 50ms/step - loss: 0.4937 - val_loss: 0.4225
Epoch 5/100
1/1 [==============================] - 0s 55ms/step - loss: 0.4560 - val_loss: 0.3910
Epoch 6/100
1/1 [==============================] - 0s 43ms/step - loss: 0.4251 - val_loss: 0.3676
Epoch 7/100
1/1 [==============================] - 0s 40ms/step - loss: 0.3987 - val_loss: 0.3501
Epoch 8/100
1/1 [==============================] - 0s 43ms/step - loss: 0.3756 - val_loss: 0.3365
Epoch 9/100
1/1 [==============================] - 0s 43ms/step - loss: 0.3549 - val_loss: 0.3258
Epoch 10/100
1/1 [==============================] - 0s 50ms/step - loss: 0.3362 - val_loss: 0.3169
Epoch 11/100
1/1 [==============================] - 0s 48ms/step - loss: 0.3193 - val_loss: 0.3093
Epoch 12/100
1/1 [==============================] - 0s 48ms/step - loss: 0.3040 - val_loss: 0.3028
Epoch 13/100
1/1 [==============================] - 0s 43ms/step - loss: 0.2901 - val_loss: 0.2968
Epoch 14/100
1/1 [==============================] - 0s 47ms/step - loss: 0.2775 - val_loss: 0.2915
Epoch 15/100
1/1 [==============================] - 0s 47ms/step - loss: 0.2663 - val_loss: 0.2869
Epoch 16/100
1/1 [==============================] - 0s 47ms/step - loss: 0.2561 - val_loss: 0.2833
Epoch 17/100
1/1 [==============================] - 0s 53ms/step - loss: 0.2466 - val_loss: 0.2807
Epoch 18/100
1/1 [==============================] - 0s 47ms/step - loss: 0.2379 - val_loss: 0.2794
Epoch 19/100
1/1 [==============================] - 0s 49ms/step - loss: 0.2297 - val_loss: 0.2789
Epoch 20/100
1/1 [==============================] - 0s 45ms/step - loss: 0.2221 - val_loss: 0.2795
Epoch 21/100
1/1 [==============================] - 0s 46ms/step - loss: 0.2150 - val_loss: 0.2809
train: 0.964
test: 0.901
val: 0.924
~/Documents/Projects/rt_ranknet $ python ranknet.py -i 0019 -e 100 -b 131072 --standardize --sizes 128 128 -t rdk
Epoch 1/100
1/1 [==============================] - 0s 164ms/step - loss: 0.7407 - val_loss: 0.5921
Epoch 2/100
1/1 [==============================] - 0s 40ms/step - loss: 0.6301 - val_loss: 0.5436
Epoch 3/100
1/1 [==============================] - 0s 47ms/step - loss: 0.5724 - val_loss: 0.5216
Epoch 4/100
1/1 [==============================] - 0s 43ms/step - loss: 0.5238 - val_loss: 0.5129
Epoch 5/100
1/1 [==============================] - 0s 48ms/step - loss: 0.4794 - val_loss: 0.5112
Epoch 6/100
1/1 [==============================] - 0s 50ms/step - loss: 0.4418 - val_loss: 0.5123
Epoch 7/100
1/1 [==============================] - 0s 45ms/step - loss: 0.4127 - val_loss: 0.5135
train: 0.872
test: 0.838
val: 0.848
~/Documents/Projects/rt_ranknet $ python ranknet.py -i 0017 0019 0045 0047 -e 10 -b 131072 --standardize --sizes 128 128 -t rdk --sysinfo
removed columns containing NA values: column.length, column.id, column.particle.size, column.temperature, column.flowrate, gradient.start.A, gradient.end.A
Epoch 1/10
17/17 [==============================] - 3s 190ms/step - loss: 0.5443 - val_loss: 0.4206
Epoch 2/10
17/17 [==============================] - 3s 188ms/step - loss: 0.4023 - val_loss: 0.3651
Epoch 3/10
17/17 [==============================] - 3s 188ms/step - loss: 0.3473 - val_loss: 0.3431
Epoch 4/10
17/17 [==============================] - 3s 184ms/step - loss: 0.3124 - val_loss: 0.3300
Epoch 5/10
17/17 [==============================] - 3s 188ms/step - loss: 0.2886 - val_loss: 0.3144
Epoch 6/10
17/17 [==============================] - 3s 191ms/step - loss: 0.2722 - val_loss: 0.3100
Epoch 7/10
17/17 [==============================] - 3s 186ms/step - loss: 0.2608 - val_loss: 0.3035
Epoch 8/10
17/17 [==============================] - 3s 190ms/step - loss: 0.2525 - val_loss: 0.2944
Epoch 9/10
17/17 [==============================] - 3s 188ms/step - loss: 0.2472 - val_loss: 0.2957
Epoch 10/10
17/17 [==============================] - 3s 189ms/step - loss: 0.2428 - val_loss: 0.2973
train: 0.933
test: 0.890
val: 0.907
~/Documents/Projects/rt_ranknet $ python ranknet.py -i 0017 0019 0045 0047 -e 10 -b 131072 --standardize --sizes 128 128 -t rdk --sysinfo
removed columns containing NA values: column.length, column.id, column.particle.size, column.temperature, column.flowrate, gradient.start.A, gradient.end.A
Epoch 1/10
17/17 [==============================] - 3s 196ms/step - loss: 0.5251 - val_loss: 0.4496
Epoch 2/10
17/17 [==============================] - 4s 226ms/step - loss: 0.3873 - val_loss: 0.4093
Epoch 3/10
17/17 [==============================] - 4s 214ms/step - loss: 0.3322 - val_loss: 0.3883
Epoch 4/10
17/17 [==============================] - 4s 225ms/step - loss: 0.2980 - val_loss: 0.3789
Epoch 5/10
17/17 [==============================] - 4s 207ms/step - loss: 0.2763 - val_loss: 0.3801
Epoch 6/10
17/17 [==============================] - 3s 193ms/step - loss: 0.2622 - val_loss: 0.3842
train: 0.920
test: 0.876
val: 0.891
~/Documents/Projects/rt_ranknet $ python ranknet.py -i 0017 0019 0045 0047 -e 10 -b 131072 --standardize --sizes 128 128 -t rdk --sysinfo --use_hsm
usage: ranknet.py [-h] [-i INPUT [INPUT ...]] [-t {rdk,mordred,morgan3,3d,all}] [--test TEST [TEST ...]] [-f FEATURES [FEATURES ...]] [--standardize] [--reduce_features] [-b BATCH_SIZE] [--cclasses] [--sysinfo] [--usp_codes]
                  [--isomeric] [--repo_root_folder REPO_ROOT_FOLDER] [-e EPOCHS] [-v] [--no_bar] [--balance] [--sizes SIZES [SIZES ...]] [--pair_step PAIR_STEP] [--pair_stop PAIR_STOP] [--num_features NUM_FEATURES]
                  [--dropout_rate DROPOUT_RATE] [--classes_l_thr CLASSES_L_THR] [--classes_u_thr CLASSES_U_THR] [--void_rt VOID_RT] [--cache_file CACHE_FILE] [--run_name RUN_NAME] [--export_rois] [--use_weights]
                  [--debug_onehot_sys] [--device DEVICE] [--epsilon EPSILON] [--columns_use_hsm] [--columns_hsm_data COLUMNS_HSM_DATA] [--custom_column_fields CUSTOM_COLUMN_FIELDS [CUSTOM_COLUMN_FIELDS ...]]
ranknet.py: error: unrecognized arguments: --use_hsm
~/Documents/Projects/rt_ranknet $ python ranknet.py -i 0017 0019 0045 0047 -e 10 -b 131072 --standardize --sizes 128 128 -t rdk --sysinfo --columns_use_hsm
removed columns containing NA values: column.length, column.id, column.particle.size, column.temperature, column.flowrate, gradient.start.A, gradient.end.A
Epoch 1/10
17/17 [==============================] - 3s 193ms/step - loss: 0.5185 - val_loss: 0.4929
Epoch 2/10
17/17 [==============================] - 3s 194ms/step - loss: 0.3815 - val_loss: 0.4135
Epoch 3/10
17/17 [==============================] - 3s 192ms/step - loss: 0.3222 - val_loss: 0.4065
Epoch 4/10
17/17 [==============================] - 3s 195ms/step - loss: 0.2827 - val_loss: 0.3981
Epoch 5/10
17/17 [==============================] - 3s 188ms/step - loss: 0.2533 - val_loss: 0.4013
Epoch 6/10
17/17 [==============================] - 3s 198ms/step - loss: 0.2309 - val_loss: 0.3973
Epoch 7/10
17/17 [==============================] - 3s 193ms/step - loss: 0.2129 - val_loss: 0.3916
Epoch 8/10
17/17 [==============================] - 3s 191ms/step - loss: 0.1990 - val_loss: 0.3891
Epoch 9/10
17/17 [==============================] - 3s 191ms/step - loss: 0.1866 - val_loss: 0.3739
Epoch 10/10
17/17 [==============================] - 3s 194ms/step - loss: 0.1753 - val_loss: 0.3710
train: 0.965
test: 0.911
val: 0.921
~/Documents/Projects/rt_ranknet $ python ranknet.py -i 0017 0019 0045 0047 -e 10 -b 131072 --standardize --sizes 128 128 -t rdk --sysinfo --columns_use_hsm --custum_column_fields
usage: ranknet.py [-h] [-i INPUT [INPUT ...]] [-t {rdk,mordred,morgan3,3d,all}] [--test TEST [TEST ...]] [-f FEATURES [FEATURES ...]] [--standardize] [--reduce_features] [-b BATCH_SIZE] [--cclasses] [--sysinfo] [--usp_codes]
                  [--isomeric] [--repo_root_folder REPO_ROOT_FOLDER] [-e EPOCHS] [-v] [--no_bar] [--balance] [--sizes SIZES [SIZES ...]] [--pair_step PAIR_STEP] [--pair_stop PAIR_STOP] [--num_features NUM_FEATURES]
                  [--dropout_rate DROPOUT_RATE] [--classes_l_thr CLASSES_L_THR] [--classes_u_thr CLASSES_U_THR] [--void_rt VOID_RT] [--cache_file CACHE_FILE] [--run_name RUN_NAME] [--export_rois] [--use_weights]
                  [--debug_onehot_sys] [--device DEVICE] [--epsilon EPSILON] [--columns_use_hsm] [--columns_hsm_data COLUMNS_HSM_DATA] [--custom_column_fields [CUSTOM_COLUMN_FIELDS [CUSTOM_COLUMN_FIELDS ...]]]
ranknet.py: error: unrecognized arguments: --custum_column_fields
~/Documents/Projects/rt_ranknet $ python ranknet.py -i 0017 0019 0045 0047 -e 10 -b 131072 --standardize --sizes 128 128 -t rdk --sysinfo --columns_use_hsm --custum_column_fields
usage: ranknet.py [-h] [-i INPUT [INPUT ...]] [-t {rdk,mordred,morgan3,3d,all}] [--test TEST [TEST ...]] [-f FEATURES [FEATURES ...]] [--standardize] [--reduce_features] [-b BATCH_SIZE] [--cclasses] [--sysinfo] [--usp_codes]
                  [--isomeric] [--repo_root_folder REPO_ROOT_FOLDER] [-e EPOCHS] [-v] [--no_bar] [--balance] [--sizes SIZES [SIZES ...]] [--pair_step PAIR_STEP] [--pair_stop PAIR_STOP] [--num_features NUM_FEATURES]
                  [--dropout_rate DROPOUT_RATE] [--classes_l_thr CLASSES_L_THR] [--classes_u_thr CLASSES_U_THR] [--void_rt VOID_RT] [--cache_file CACHE_FILE] [--run_name RUN_NAME] [--export_rois] [--use_weights]
                  [--debug_onehot_sys] [--device DEVICE] [--epsilon EPSILON] [--columns_use_hsm] [--columns_hsm_data COLUMNS_HSM_DATA] [--custom_column_fields [CUSTOM_COLUMN_FIELDS [CUSTOM_COLUMN_FIELDS ...]]]
ranknet.py: error: unrecognized arguments: --custum_column_fields
~/Documents/Projects/rt_ranknet $ python ranknet.py -i 0017 0019 0045 0047 -e 10 -b 131072 --standardize --sizes 128 128 -t rdk --sysinfo --columns_use_hsm --custum_column_fields ,
usage: ranknet.py [-h] [-i INPUT [INPUT ...]] [-t {rdk,mordred,morgan3,3d,all}] [--test TEST [TEST ...]] [-f FEATURES [FEATURES ...]] [--standardize] [--reduce_features] [-b BATCH_SIZE] [--cclasses] [--sysinfo] [--usp_codes]
                  [--isomeric] [--repo_root_folder REPO_ROOT_FOLDER] [-e EPOCHS] [-v] [--no_bar] [--balance] [--sizes SIZES [SIZES ...]] [--pair_step PAIR_STEP] [--pair_stop PAIR_STOP] [--num_features NUM_FEATURES]
                  [--dropout_rate DROPOUT_RATE] [--classes_l_thr CLASSES_L_THR] [--classes_u_thr CLASSES_U_THR] [--void_rt VOID_RT] [--cache_file CACHE_FILE] [--run_name RUN_NAME] [--export_rois] [--use_weights]
                  [--debug_onehot_sys] [--device DEVICE] [--epsilon EPSILON] [--columns_use_hsm] [--columns_hsm_data COLUMNS_HSM_DATA] [--custom_column_fields [CUSTOM_COLUMN_FIELDS [CUSTOM_COLUMN_FIELDS ...]]]
ranknet.py: error: unrecognized arguments: --custum_column_fields ,
~/Documents/Projects/rt_ranknet $ python ranknet.py -i 0017 0019 0045 0047 -e 10 -b 131072 --standardize --sizes 128 128 -t rdk --sysinfo --columns_use_hsm --custom_column_fields
removed columns containing NA values:
Epoch 1/10
17/17 [==============================] - 3s 186ms/step - loss: 0.5701 - val_loss: 0.4616
Epoch 2/10
17/17 [==============================] - 3s 183ms/step - loss: 0.4482 - val_loss: 0.4301
Epoch 3/10
17/17 [==============================] - 3s 182ms/step - loss: 0.3993 - val_loss: 0.4158
Epoch 4/10
17/17 [==============================] - 3s 181ms/step - loss: 0.3611 - val_loss: 0.4064
Epoch 5/10
17/17 [==============================] - 3s 189ms/step - loss: 0.3278 - val_loss: 0.3918
Epoch 6/10
17/17 [==============================] - 3s 190ms/step - loss: 0.2971 - val_loss: 0.3742
Epoch 7/10
17/17 [==============================] - 3s 182ms/step - loss: 0.2679 - val_loss: 0.3498
Epoch 8/10
17/17 [==============================] - 3s 188ms/step - loss: 0.2423 - val_loss: 0.3323
Epoch 9/10
17/17 [==============================] - 3s 184ms/step - loss: 0.2195 - val_loss: 0.3132
Epoch 10/10
17/17 [==============================] - 3s 185ms/step - loss: 0.2033 - val_loss: 0.2981
train: 0.954
test: 0.908
val: 0.905
~/Documents/Projects/rt_ranknet $ python ranknet.py -i 0017 0019 0045 0047 -e 10 -b 131072 --standardize --sizes 128 128 -t rdk --sysinfo --columns_use_hsm --custom_column_fields --balance
removed columns containing NA values:
Epoch 1/10
5/5 [==============================] - 1s 150ms/step - loss: 0.7086 - val_loss: 0.6398
Epoch 2/10
5/5 [==============================] - 1s 142ms/step - loss: 0.5455 - val_loss: 0.6002
Epoch 3/10
5/5 [==============================] - 1s 137ms/step - loss: 0.4963 - val_loss: 0.5649
Epoch 4/10
5/5 [==============================] - 1s 150ms/step - loss: 0.4643 - val_loss: 0.5719
Epoch 5/10
5/5 [==============================] - 1s 163ms/step - loss: 0.4410 - val_loss: 0.5550
Epoch 6/10
5/5 [==============================] - 1s 134ms/step - loss: 0.4231 - val_loss: 0.5591
Epoch 7/10
5/5 [==============================] - 1s 136ms/step - loss: 0.4073 - val_loss: 0.5571
train: 0.827
test: 0.779
val: 0.746
evaluating on data left-out when balancing
0017: 0.798 	 (#data: 30, held-out percentage: 0.08)
no data left for 0019
0045: 0.856 	 (#data: 1242, held-out percentage: 0.77)
0047: 0.843 	 (#data: 34, held-out percentage: 0.09)
~/Documents/Projects/rt_ranknet $ python ranknet.py -i 0017 0019 0045 0047 -e 10 -b 131072 --standardize --sizes 128 128 -t rdk --sysinfo --columns_use_hsm --balance
removed columns containing NA values: column.length, column.id, column.particle.size, column.temperature, column.flowrate, gradient.start.A, gradient.end.A
Epoch 1/10
5/5 [==============================] - 1s 156ms/step - loss: 0.6761 - val_loss: 0.5633
Epoch 2/10
5/5 [==============================] - 1s 164ms/step - loss: 0.5242 - val_loss: 0.4874
Epoch 3/10
5/5 [==============================] - 1s 145ms/step - loss: 0.4658 - val_loss: 0.4596
Epoch 4/10
5/5 [==============================] - 1s 152ms/step - loss: 0.4280 - val_loss: 0.4421
Epoch 5/10
5/5 [==============================] - 1s 169ms/step - loss: 0.3982 - val_loss: 0.4083
Epoch 6/10
5/5 [==============================] - 1s 166ms/step - loss: 0.3756 - val_loss: 0.3897
Epoch 7/10
5/5 [==============================] - 1s 147ms/step - loss: 0.3579 - val_loss: 0.3714
Epoch 8/10
5/5 [==============================] - 1s 168ms/step - loss: 0.3403 - val_loss: 0.3575
Epoch 9/10
5/5 [==============================] - 1s 148ms/step - loss: 0.3267 - val_loss: 0.3530
Epoch 10/10
5/5 [==============================] - 1s 150ms/step - loss: 0.3137 - val_loss: 0.3431
train: 0.892
test: 0.833
val: 0.868
evaluating on data left-out when balancing
0017: 0.844 	 (#data: 30, held-out percentage: 0.08)
no data left for 0019
0045: 0.872 	 (#data: 1242, held-out percentage: 0.77)
0047: 0.918 	 (#data: 34, held-out percentage: 0.09)
~/Documents/Projects/rt_ranknet $ python ranknet.py -i 0017 0019 0045 0047 -e 10 -b 131072 --standardize --sizes 128 128 -t rdk --sysinfo --columns_use_hsm --custom_column_fields column.flowrate column.length
removed columns containing NA values: column.flowrate, column.length
Epoch 1/10
17/17 [==============================] - 3s 181ms/step - loss: 0.5459 - val_loss: 0.5360
Epoch 2/10
17/17 [==============================] - 3s 181ms/step - loss: 0.4252 - val_loss: 0.4771
Epoch 3/10
 7/17 [===========>..................] - ETA: 1s - loss: 0.3900interrupted training, evaluating...
train: 0.870
test: 0.826
val: 0.817
~/Documents/Projects/rt_ranknet $ python ranknet.py -i 0128 0129 0130 0131 0132 0133 0134 0136 0137 0138 -e 10 -b 131072 --standardize --sizes 128 128 -t rdk --sysinfo --columns_use_hsm --custom_column_fields column.flowrate column.length --test 0139 0135 0128 0134
removed columns containing NA values:
Epoch 1/10
1/1 [==============================] - 0s 161ms/step - loss: 0.8110 - val_loss: 0.7751
Epoch 2/10
1/1 [==============================] - 0s 43ms/step - loss: 0.6746 - val_loss: 0.7268
Epoch 3/10
1/1 [==============================] - 0s 44ms/step - loss: 0.5890 - val_loss: 0.6907
Epoch 4/10
1/1 [==============================] - 0s 44ms/step - loss: 0.5354 - val_loss: 0.6581
Epoch 5/10
1/1 [==============================] - 0s 59ms/step - loss: 0.4992 - val_loss: 0.6275
Epoch 6/10
1/1 [==============================] - 0s 43ms/step - loss: 0.4722 - val_loss: 0.5996
Epoch 7/10
1/1 [==============================] - 0s 55ms/step - loss: 0.4509 - val_loss: 0.5754
Epoch 8/10
1/1 [==============================] - 0s 40ms/step - loss: 0.4336 - val_loss: 0.5542
Epoch 9/10
1/1 [==============================] - 0s 39ms/step - loss: 0.4194 - val_loss: 0.5356
Epoch 10/10
1/1 [==============================] - 0s 61ms/step - loss: 0.4075 - val_loss: 0.5196
train: 0.913
test: 0.847
val: 0.870
evaluating on different dataset(s) (['0139', '0135', '0128', '0134'])
0139: 0.980 	 (#data: 69)
0135: 0.919 	 (#data: 72)
0128: 0.939 	 (#data: 43)
0134: 0.911 	 (#data: 73)
~/Documents/Projects/rt_ranknet $ python ranknet.py -i 0128 0129 0130 0131 0132 0133 0136 0137 0138 -e 10 -b 131072 --standardize --sizes 128 128 -t rdk --sysinfo --columns_use_hsm --custom_column_fields column.flowrate column.length --test 0139 0135 0128
removed columns containing NA values:
Epoch 1/10
1/1 [==============================] - 0s 160ms/step - loss: 0.6789 - val_loss: 0.5635
Epoch 2/10
1/1 [==============================] - 0s 41ms/step - loss: 0.5985 - val_loss: 0.4938
Epoch 3/10
1/1 [==============================] - 0s 47ms/step - loss: 0.5438 - val_loss: 0.4421
Epoch 4/10
1/1 [==============================] - 0s 49ms/step - loss: 0.5061 - val_loss: 0.4045
Epoch 5/10
1/1 [==============================] - 0s 50ms/step - loss: 0.4783 - val_loss: 0.3769
Epoch 6/10
1/1 [==============================] - 0s 56ms/step - loss: 0.4564 - val_loss: 0.3573
Epoch 7/10
1/1 [==============================] - 0s 51ms/step - loss: 0.4392 - val_loss: 0.3433
Epoch 8/10
1/1 [==============================] - 0s 56ms/step - loss: 0.4255 - val_loss: 0.3332
Epoch 9/10
1/1 [==============================] - 0s 41ms/step - loss: 0.4143 - val_loss: 0.3262
Epoch 10/10
1/1 [==============================] - 0s 39ms/step - loss: 0.4044 - val_loss: 0.3213
train: 0.912
test: 0.915
val: 0.924
evaluating on different dataset(s) (['0139', '0135', '0128'])
0139: 0.988 	 (#data: 69)
0135: 0.943 	 (#data: 72)
0128: 0.957 	 (#data: 43)
~/Documents/Projects/rt_ranknet $ python ranknet.py -i 0128 0129 0130 0131 0132 0133 0134 0136 0137 0138 -e 100 -b 131072 --standardize --sizes 128 128 -t all --sysinfo --columns_use_hsm --custom_column_fields column.flowrate column.length --test 0139 0135 0128 0134
[14:55:20]

****
Pre-condition Violation
molecule has no conformers
Violation occurred on line 204 in file /home/fleming/.cache/yay/rdkit/src/rdkit-Release_2019_09_3/Code/GraphMol/Descriptors/PMI.cpp
Failed Expression: mol.getNumConformers() >= 1
****

[14:55:20]

****
Pre-condition Violation
molecule has no conformers
Violation occurred on line 188 in file /home/fleming/.cache/yay/rdkit/src/rdkit-Release_2019_09_3/Code/GraphMol/Descriptors/PMI.cpp
Failed Expression: mol.getNumConformers() >= 1
****

[14:55:20]

****
Pre-condition Violation
molecule has no conformers
Violation occurred on line 173 in file /home/fleming/.cache/yay/rdkit/src/rdkit-Release_2019_09_3/Code/GraphMol/Descriptors/PMI.cpp
Failed Expression: mol.getNumConformers() >= 1
****

[14:55:20]

****
Pre-condition Violation
molecule has no conformers
Violation occurred on line 112 in file /home/fleming/.cache/yay/rdkit/src/rdkit-Release_2019_09_3/Code/GraphMol/Descriptors/PMI.cpp
Failed Expression: mol.getNumConformers() >= 1
****

[14:55:20]

****
Pre-condition Violation
molecule has no conformers
Violation occurred on line 122 in file /home/fleming/.cache/yay/rdkit/src/rdkit-Release_2019_09_3/Code/GraphMol/Descriptors/PMI.cpp
Failed Expression: mol.getNumConformers() >= 1
****

[14:55:20]

****
Pre-condition Violation
molecule has no conformers
Violation occurred on line 132 in file /home/fleming/.cache/yay/rdkit/src/rdkit-Release_2019_09_3/Code/GraphMol/Descriptors/PMI.cpp
Failed Expression: mol.getNumConformers() >= 1
****

[14:55:20]

****
Pre-condition Violation
molecule has no conformers
Violation occurred on line 141 in file /home/fleming/.cache/yay/rdkit/src/rdkit-Release_2019_09_3/Code/GraphMol/Descriptors/PMI.cpp
Failed Expression: mol.getNumConformers() >= 1
****

[14:55:20]

****
Pre-condition Violation
molecule has no conformers
Violation occurred on line 150 in file /home/fleming/.cache/yay/rdkit/src/rdkit-Release_2019_09_3/Code/GraphMol/Descriptors/PMI.cpp
Failed Expression: mol.getNumConformers() >= 1
****

[14:55:20]

****
Pre-condition Violation
molecule has no conformers
Violation occurred on line 161 in file /home/fleming/.cache/yay/rdkit/src/rdkit-Release_2019_09_3/Code/GraphMol/Descriptors/PMI.cpp
Failed Expression: mol.getNumConformers() >= 1
****

[14:55:20]

****
Pre-condition Violation
molecule has no conformers
Violation occurred on line 222 in file /home/fleming/.cache/yay/rdkit/src/rdkit-Release_2019_09_3/Code/GraphMol/Descriptors/PMI.cpp
Failed Expression: mol.getNumConformers() >= 1
****

[14:55:21]

****
Pre-condition Violation
molecule has no conformers
Violation occurred on line 204 in file /home/fleming/.cache/yay/rdkit/src/rdkit-Release_2019_09_3/Code/GraphMol/Descriptors/PMI.cpp
Failed Expression: mol.getNumConformers() >= 1
****

[14:55:21]

****
Pre-condition Violation
molecule has no conformers
Violation occurred on line 188 in file /home/fleming/.cache/yay/rdkit/src/rdkit-Release_2019_09_3/Code/GraphMol/Descriptors/PMI.cpp
Failed Expression: mol.getNumConformers() >= 1
****

[14:55:21]

****
Pre-condition Violation
molecule has no conformers
Violation occurred on line 173 in file /home/fleming/.cache/yay/rdkit/src/rdkit-Release_2019_09_3/Code/GraphMol/Descriptors/PMI.cpp
Failed Expression: mol.getNumConformers() >= 1
****

[14:55:21]

****
Pre-condition Violation
molecule has no conformers
Violation occurred on line 112 in file /home/fleming/.cache/yay/rdkit/src/rdkit-Release_2019_09_3/Code/GraphMol/Descriptors/PMI.cpp
Failed Expression: mol.getNumConformers() >= 1
****

[14:55:21]

****
Pre-condition Violation
molecule has no conformers
Violation occurred on line 122 in file /home/fleming/.cache/yay/rdkit/src/rdkit-Release_2019_09_3/Code/GraphMol/Descriptors/PMI.cpp
Failed Expression: mol.getNumConformers() >= 1
****

[14:55:21]

****
Pre-condition Violation
molecule has no conformers
Violation occurred on line 132 in file /home/fleming/.cache/yay/rdkit/src/rdkit-Release_2019_09_3/Code/GraphMol/Descriptors/PMI.cpp
Failed Expression: mol.getNumConformers() >= 1
****

[14:55:21]

****
Pre-condition Violation
molecule has no conformers
Violation occurred on line 141 in file /home/fleming/.cache/yay/rdkit/src/rdkit-Release_2019_09_3/Code/GraphMol/Descriptors/PMI.cpp
Failed Expression: mol.getNumConformers() >= 1
****

[14:55:21]

****
Pre-condition Violation
molecule has no conformers
Violation occurred on line 150 in file /home/fleming/.cache/yay/rdkit/src/rdkit-Release_2019_09_3/Code/GraphMol/Descriptors/PMI.cpp
Failed Expression: mol.getNumConformers() >= 1
****

[14:55:21]

****
Pre-condition Violation
molecule has no conformers
Violation occurred on line 161 in file /home/fleming/.cache/yay/rdkit/src/rdkit-Release_2019_09_3/Code/GraphMol/Descriptors/PMI.cpp
Failed Expression: mol.getNumConformers() >= 1
****

[14:55:21]

****
Pre-condition Violation
molecule has no conformers
Violation occurred on line 222 in file /home/fleming/.cache/yay/rdkit/src/rdkit-Release_2019_09_3/Code/GraphMol/Descriptors/PMI.cpp
Failed Expression: mol.getNumConformers() >= 1
****

[14:55:21]

****
Pre-condition Violation
molecule has no conformers
Violation occurred on line 204 in file /home/fleming/.cache/yay/rdkit/src/rdkit-Release_2019_09_3/Code/GraphMol/Descriptors/PMI.cpp
Failed Expression: mol.getNumConformers() >= 1
****

[14:55:21]

****
Pre-condition Violation
molecule has no conformers
Violation occurred on line 188 in file /home/fleming/.cache/yay/rdkit/src/rdkit-Release_2019_09_3/Code/GraphMol/Descriptors/PMI.cpp
Failed Expression: mol.getNumConformers() >= 1
****

[14:55:21]

****
Pre-condition Violation
molecule has no conformers
Violation occurred on line 173 in file /home/fleming/.cache/yay/rdkit/src/rdkit-Release_2019_09_3/Code/GraphMol/Descriptors/PMI.cpp
Failed Expression: mol.getNumConformers() >= 1
****

[14:55:21]

****
Pre-condition Violation
molecule has no conformers
Violation occurred on line 112 in file /home/fleming/.cache/yay/rdkit/src/rdkit-Release_2019_09_3/Code/GraphMol/Descriptors/PMI.cpp
Failed Expression: mol.getNumConformers() >= 1
****

[14:55:21]

****
Pre-condition Violation
molecule has no conformers
Violation occurred on line 122 in file /home/fleming/.cache/yay/rdkit/src/rdkit-Release_2019_09_3/Code/GraphMol/Descriptors/PMI.cpp
Failed Expression: mol.getNumConformers() >= 1
****

[14:55:21]

****
Pre-condition Violation
molecule has no conformers
Violation occurred on line 132 in file /home/fleming/.cache/yay/rdkit/src/rdkit-Release_2019_09_3/Code/GraphMol/Descriptors/PMI.cpp
Failed Expression: mol.getNumConformers() >= 1
****

[14:55:21]

****
Pre-condition Violation
molecule has no conformers
Violation occurred on line 141 in file /home/fleming/.cache/yay/rdkit/src/rdkit-Release_2019_09_3/Code/GraphMol/Descriptors/PMI.cpp
Failed Expression: mol.getNumConformers() >= 1
****

[14:55:21]

****
Pre-condition Violation
molecule has no conformers
Violation occurred on line 150 in file /home/fleming/.cache/yay/rdkit/src/rdkit-Release_2019_09_3/Code/GraphMol/Descriptors/PMI.cpp
Failed Expression: mol.getNumConformers() >= 1
****

[14:55:21]

****
Pre-condition Violation
molecule has no conformers
Violation occurred on line 161 in file /home/fleming/.cache/yay/rdkit/src/rdkit-Release_2019_09_3/Code/GraphMol/Descriptors/PMI.cpp
Failed Expression: mol.getNumConformers() >= 1
****

[14:55:21]

****
Pre-condition Violation
molecule has no conformers
Violation occurred on line 222 in file /home/fleming/.cache/yay/rdkit/src/rdkit-Release_2019_09_3/Code/GraphMol/Descriptors/PMI.cpp
Failed Expression: mol.getNumConformers() >= 1
****

removed columns containing NA values:
Epoch 1/100
1/1 [==============================] - 0s 160ms/step - loss: 0.6408 - val_loss: 0.6017
Epoch 2/100
1/1 [==============================] - 0s 41ms/step - loss: 0.5526 - val_loss: 0.5750
Epoch 3/100
1/1 [==============================] - 0s 40ms/step - loss: 0.4989 - val_loss: 0.5595
Epoch 4/100
1/1 [==============================] - 0s 42ms/step - loss: 0.4619 - val_loss: 0.5523
Epoch 5/100
1/1 [==============================] - 0s 39ms/step - loss: 0.4361 - val_loss: 0.5485
Epoch 6/100
1/1 [==============================] - 0s 46ms/step - loss: 0.4170 - val_loss: 0.5430
Epoch 7/100
1/1 [==============================] - 0s 45ms/step - loss: 0.4016 - val_loss: 0.5350
Epoch 8/100
1/1 [==============================] - 0s 40ms/step - loss: 0.3888 - val_loss: 0.5266
Epoch 9/100
1/1 [==============================] - 0s 40ms/step - loss: 0.3788 - val_loss: 0.5186
Epoch 10/100
1/1 [==============================] - 0s 39ms/step - loss: 0.3708 - val_loss: 0.5107
Epoch 11/100
1/1 [==============================] - 0s 49ms/step - loss: 0.3639 - val_loss: 0.5031
Epoch 12/100
1/1 [==============================] - 0s 50ms/step - loss: 0.3575 - val_loss: 0.4956
Epoch 13/100
1/1 [==============================] - 0s 43ms/step - loss: 0.3519 - val_loss: 0.4882
Epoch 14/100
1/1 [==============================] - 0s 43ms/step - loss: 0.3472 - val_loss: 0.4805
Epoch 15/100
1/1 [==============================] - 0s 60ms/step - loss: 0.3428 - val_loss: 0.4720
Epoch 16/100
1/1 [==============================] - 0s 47ms/step - loss: 0.3386 - val_loss: 0.4634
Epoch 17/100
1/1 [==============================] - 0s 43ms/step - loss: 0.3348 - val_loss: 0.4556
Epoch 18/100
1/1 [==============================] - 0s 56ms/step - loss: 0.3315 - val_loss: 0.4493
Epoch 19/100
1/1 [==============================] - 0s 40ms/step - loss: 0.3285 - val_loss: 0.4439
Epoch 20/100
1/1 [==============================] - 0s 65ms/step - loss: 0.3257 - val_loss: 0.4397
Epoch 21/100
1/1 [==============================] - 0s 44ms/step - loss: 0.3232 - val_loss: 0.4365
Epoch 22/100
1/1 [==============================] - 0s 40ms/step - loss: 0.3209 - val_loss: 0.4334
Epoch 23/100
1/1 [==============================] - 0s 49ms/step - loss: 0.3186 - val_loss: 0.4307
Epoch 24/100
1/1 [==============================] - 0s 44ms/step - loss: 0.3166 - val_loss: 0.4287
Epoch 25/100
1/1 [==============================] - 0s 50ms/step - loss: 0.3148 - val_loss: 0.4275
Epoch 26/100
1/1 [==============================] - 0s 43ms/step - loss: 0.3133 - val_loss: 0.4272
Epoch 27/100
1/1 [==============================] - 0s 50ms/step - loss: 0.3120 - val_loss: 0.4276
Epoch 28/100
1/1 [==============================] - 0s 41ms/step - loss: 0.3107 - val_loss: 0.4285
train: 0.940
test: 0.891
val: 0.902
evaluating on different dataset(s) (['0139', '0135', '0128', '0134'])
0139: 0.990 	 (#data: 69)
0135: 0.967 	 (#data: 72)
0128: 0.975 	 (#data: 43)
0134: 0.957 	 (#data: 73)
~/Documents/Projects/rt_ranknet $ python ranknet.py -i 0128 0129 0130 0131 0132 0133 0134 0136 0137 0138 -e 100 -b 131072 --standardize --sizes 128 128 -t all --sysinfo --columns_use_hsm --custom_column_fields column.flowrate column.length --test 0139 0135 0128 0134 --debug_onehot_sys
Epoch 1/100
1/1 [==============================] - 0s 161ms/step - loss: 0.7731 - val_loss: 0.5510
Epoch 2/100
1/1 [==============================] - 0s 43ms/step - loss: 0.6561 - val_loss: 0.4920
Epoch 3/100
1/1 [==============================] - 0s 58ms/step - loss: 0.5838 - val_loss: 0.4483
Epoch 4/100
1/1 [==============================] - 0s 54ms/step - loss: 0.5332 - val_loss: 0.4176
Epoch 5/100
1/1 [==============================] - 0s 48ms/step - loss: 0.4944 - val_loss: 0.3963
Epoch 6/100
1/1 [==============================] - 0s 48ms/step - loss: 0.4653 - val_loss: 0.3811
Epoch 7/100
1/1 [==============================] - 0s 40ms/step - loss: 0.4443 - val_loss: 0.3702
Epoch 8/100
1/1 [==============================] - 0s 48ms/step - loss: 0.4283 - val_loss: 0.3614
Epoch 9/100
1/1 [==============================] - 0s 51ms/step - loss: 0.4153 - val_loss: 0.3538
Epoch 10/100
1/1 [==============================] - 0s 40ms/step - loss: 0.4043 - val_loss: 0.3471
Epoch 11/100
1/1 [==============================] - 0s 49ms/step - loss: 0.3950 - val_loss: 0.3409
Epoch 12/100
1/1 [==============================] - 0s 56ms/step - loss: 0.3870 - val_loss: 0.3354
Epoch 13/100
1/1 [==============================] - 0s 47ms/step - loss: 0.3797 - val_loss: 0.3303
Epoch 14/100
1/1 [==============================] - 0s 60ms/step - loss: 0.3728 - val_loss: 0.3260
Epoch 15/100
1/1 [==============================] - 0s 51ms/step - loss: 0.3666 - val_loss: 0.3220
Epoch 16/100
1/1 [==============================] - 0s 40ms/step - loss: 0.3609 - val_loss: 0.3184
Epoch 17/100
1/1 [==============================] - 0s 49ms/step - loss: 0.3557 - val_loss: 0.3152
Epoch 18/100
1/1 [==============================] - 0s 46ms/step - loss: 0.3507 - val_loss: 0.3122
Epoch 19/100
1/1 [==============================] - 0s 41ms/step - loss: 0.3458 - val_loss: 0.3096
Epoch 20/100
1/1 [==============================] - 0s 47ms/step - loss: 0.3412 - val_loss: 0.3074
Epoch 21/100
1/1 [==============================] - 0s 42ms/step - loss: 0.3369 - val_loss: 0.3056
Epoch 22/100
1/1 [==============================] - 0s 42ms/step - loss: 0.3329 - val_loss: 0.3041
Epoch 23/100
1/1 [==============================] - 0s 48ms/step - loss: 0.3290 - val_loss: 0.3028
Epoch 24/100
1/1 [==============================] - 0s 48ms/step - loss: 0.3252 - val_loss: 0.3015
Epoch 25/100
1/1 [==============================] - 0s 59ms/step - loss: 0.3216 - val_loss: 0.2998
Epoch 26/100
1/1 [==============================] - 0s 48ms/step - loss: 0.3181 - val_loss: 0.2976
Epoch 27/100
1/1 [==============================] - 0s 46ms/step - loss: 0.3146 - val_loss: 0.2948
Epoch 28/100
1/1 [==============================] - 0s 40ms/step - loss: 0.3114 - val_loss: 0.2915
Epoch 29/100
1/1 [==============================] - 0s 45ms/step - loss: 0.3083 - val_loss: 0.2877
Epoch 30/100
1/1 [==============================] - 0s 51ms/step - loss: 0.3054 - val_loss: 0.2832
Epoch 31/100
1/1 [==============================] - 0s 44ms/step - loss: 0.3024 - val_loss: 0.2783
Epoch 32/100
1/1 [==============================] - 0s 43ms/step - loss: 0.2995 - val_loss: 0.2727
Epoch 33/100
1/1 [==============================] - 0s 44ms/step - loss: 0.2966 - val_loss: 0.2667
Epoch 34/100
1/1 [==============================] - 0s 47ms/step - loss: 0.2937 - val_loss: 0.2604
Epoch 35/100
1/1 [==============================] - 0s 47ms/step - loss: 0.2909 - val_loss: 0.2544
Epoch 36/100
1/1 [==============================] - 0s 49ms/step - loss: 0.2881 - val_loss: 0.2489
Epoch 37/100
1/1 [==============================] - 0s 59ms/step - loss: 0.2853 - val_loss: 0.2440
Epoch 38/100
1/1 [==============================] - 0s 52ms/step - loss: 0.2826 - val_loss: 0.2400
Epoch 39/100
1/1 [==============================] - 0s 53ms/step - loss: 0.2799 - val_loss: 0.2368
Epoch 40/100
1/1 [==============================] - 0s 51ms/step - loss: 0.2772 - val_loss: 0.2344
Epoch 41/100
1/1 [==============================] - 0s 50ms/step - loss: 0.2745 - val_loss: 0.2328
Epoch 42/100
1/1 [==============================] - 0s 40ms/step - loss: 0.2718 - val_loss: 0.2319
Epoch 43/100
1/1 [==============================] - 0s 45ms/step - loss: 0.2692 - val_loss: 0.2315
Epoch 44/100
1/1 [==============================] - 0s 51ms/step - loss: 0.2666 - val_loss: 0.2312
Epoch 45/100
1/1 [==============================] - 0s 53ms/step - loss: 0.2640 - val_loss: 0.2308
Epoch 46/100
1/1 [==============================] - 0s 64ms/step - loss: 0.2614 - val_loss: 0.2303
Epoch 47/100
1/1 [==============================] - 0s 46ms/step - loss: 0.2589 - val_loss: 0.2297
Epoch 48/100
1/1 [==============================] - 0s 39ms/step - loss: 0.2563 - val_loss: 0.2290
Epoch 49/100
1/1 [==============================] - 0s 42ms/step - loss: 0.2537 - val_loss: 0.2282
Epoch 50/100
1/1 [==============================] - 0s 52ms/step - loss: 0.2512 - val_loss: 0.2272
Epoch 51/100
1/1 [==============================] - 0s 62ms/step - loss: 0.2486 - val_loss: 0.2258
Epoch 52/100
1/1 [==============================] - 0s 49ms/step - loss: 0.2461 - val_loss: 0.2242
Epoch 53/100
1/1 [==============================] - 0s 52ms/step - loss: 0.2436 - val_loss: 0.2223
Epoch 54/100
1/1 [==============================] - 0s 43ms/step - loss: 0.2411 - val_loss: 0.2201
Epoch 55/100
1/1 [==============================] - 0s 40ms/step - loss: 0.2386 - val_loss: 0.2177
Epoch 56/100
1/1 [==============================] - 0s 42ms/step - loss: 0.2362 - val_loss: 0.2150
Epoch 57/100
1/1 [==============================] - 0s 43ms/step - loss: 0.2337 - val_loss: 0.2121
Epoch 58/100
1/1 [==============================] - 0s 41ms/step - loss: 0.2313 - val_loss: 0.2092
Epoch 59/100
1/1 [==============================] - 0s 46ms/step - loss: 0.2288 - val_loss: 0.2065
Epoch 60/100
1/1 [==============================] - 0s 47ms/step - loss: 0.2264 - val_loss: 0.2039
Epoch 61/100
1/1 [==============================] - 0s 45ms/step - loss: 0.2241 - val_loss: 0.2017
Epoch 62/100
1/1 [==============================] - 0s 59ms/step - loss: 0.2217 - val_loss: 0.1999
Epoch 63/100
1/1 [==============================] - 0s 48ms/step - loss: 0.2194 - val_loss: 0.1986
Epoch 64/100
1/1 [==============================] - 0s 48ms/step - loss: 0.2171 - val_loss: 0.1975
Epoch 65/100
1/1 [==============================] - 0s 45ms/step - loss: 0.2148 - val_loss: 0.1967
Epoch 66/100
1/1 [==============================] - 0s 47ms/step - loss: 0.2125 - val_loss: 0.1959
Epoch 67/100
1/1 [==============================] - 0s 58ms/step - loss: 0.2103 - val_loss: 0.1951
Epoch 68/100
1/1 [==============================] - 0s 52ms/step - loss: 0.2082 - val_loss: 0.1940
Epoch 69/100
1/1 [==============================] - 0s 48ms/step - loss: 0.2060 - val_loss: 0.1930
Epoch 70/100
1/1 [==============================] - 0s 40ms/step - loss: 0.2039 - val_loss: 0.1921
Epoch 71/100
1/1 [==============================] - 0s 40ms/step - loss: 0.2019 - val_loss: 0.1910
Epoch 72/100
1/1 [==============================] - 0s 46ms/step - loss: 0.1999 - val_loss: 0.1896
Epoch 73/100
1/1 [==============================] - 0s 48ms/step - loss: 0.1979 - val_loss: 0.1880
Epoch 74/100
1/1 [==============================] - 0s 44ms/step - loss: 0.1959 - val_loss: 0.1863
Epoch 75/100
1/1 [==============================] - 0s 39ms/step - loss: 0.1940 - val_loss: 0.1847
Epoch 76/100
1/1 [==============================] - 0s 42ms/step - loss: 0.1922 - val_loss: 0.1834
Epoch 77/100
1/1 [==============================] - 0s 40ms/step - loss: 0.1903 - val_loss: 0.1823
Epoch 78/100
1/1 [==============================] - 0s 47ms/step - loss: 0.1885 - val_loss: 0.1815
Epoch 79/100
1/1 [==============================] - 0s 56ms/step - loss: 0.1867 - val_loss: 0.1808
Epoch 80/100
1/1 [==============================] - 0s 44ms/step - loss: 0.1849 - val_loss: 0.1801
Epoch 81/100
1/1 [==============================] - 0s 56ms/step - loss: 0.1832 - val_loss: 0.1795
Epoch 82/100
1/1 [==============================] - 0s 45ms/step - loss: 0.1816 - val_loss: 0.1791
Epoch 83/100
1/1 [==============================] - 0s 59ms/step - loss: 0.1799 - val_loss: 0.1788
Epoch 84/100
1/1 [==============================] - 0s 48ms/step - loss: 0.1783 - val_loss: 0.1783
Epoch 85/100
1/1 [==============================] - 0s 48ms/step - loss: 0.1768 - val_loss: 0.1775
Epoch 86/100
1/1 [==============================] - 0s 61ms/step - loss: 0.1753 - val_loss: 0.1767
Epoch 87/100
1/1 [==============================] - 0s 45ms/step - loss: 0.1738 - val_loss: 0.1761
Epoch 88/100
1/1 [==============================] - 0s 45ms/step - loss: 0.1723 - val_loss: 0.1756
Epoch 89/100
1/1 [==============================] - 0s 42ms/step - loss: 0.1709 - val_loss: 0.1748
Epoch 90/100
1/1 [==============================] - 0s 46ms/step - loss: 0.1694 - val_loss: 0.1738
Epoch 91/100
1/1 [==============================] - 0s 42ms/step - loss: 0.1680 - val_loss: 0.1729
Epoch 92/100
1/1 [==============================] - 0s 56ms/step - loss: 0.1666 - val_loss: 0.1721
Epoch 93/100
1/1 [==============================] - 0s 44ms/step - loss: 0.1653 - val_loss: 0.1714
Epoch 94/100
1/1 [==============================] - 0s 43ms/step - loss: 0.1639 - val_loss: 0.1710
Epoch 95/100
1/1 [==============================] - 0s 41ms/step - loss: 0.1625 - val_loss: 0.1705
Epoch 96/100
1/1 [==============================] - 0s 40ms/step - loss: 0.1613 - val_loss: 0.1698
Epoch 97/100
1/1 [==============================] - 0s 43ms/step - loss: 0.1602 - val_loss: 0.1695
Epoch 98/100
1/1 [==============================] - 0s 43ms/step - loss: 0.1598 - val_loss: 0.1686
Epoch 99/100
1/1 [==============================] - 0s 39ms/step - loss: 0.1606 - val_loss: 0.1687
Epoch 100/100
1/1 [==============================] - 0s 53ms/step - loss: 0.1585 - val_loss: 0.1673
train: 0.985
test: 0.975
val: 0.953
evaluating on different dataset(s) (['0139', '0135', '0128', '0134'])
0139: 0.991 	 (#data: 69)
0135: 0.962 	 (#data: 72)
0128: 0.984 	 (#data: 43)
0134: 0.975 	 (#data: 73)
~/Documents/Projects/rt_ranknet $ 
("0001" "0002" "0003" "0004" "0005" "0006" "0008" "0009" "0010" "0011" "0012" "0013" "0014" "0015" "0016" "0017" "0018" "0019" "0021" "0022" "0023" "0024" "0025" "0026" "0028" "0029" "0030" "0031" "0032" "0033" "0034" "0036" "0037" "0038")
~/Documents/Projects/rt_ranknet $ setq lo `("0092" "0123" "0147" "0101" "0071")
("0092" "0123" "0147" "0101" "0071")
~/Documents/Projects/rt_ranknet $ python ranknet.py -i $A -e 100 -b 131072 --standardize --sizes 128 128 -t all --sysinfo --columns_use_hsm --custom_column_fields column.flowrate column.length --test $lo
[14:59:08]

****
Pre-condition Violation
molecule has no conformers
Violation occurred on line 204 in file /home/fleming/.cache/yay/rdkit/src/rdkit-Release_2019_09_3/Code/GraphMol/Descriptors/PMI.cpp
Failed Expression: mol.getNumConformers() >= 1
****

[14:59:08]

****
Pre-condition Violation
molecule has no conformers
Violation occurred on line 188 in file /home/fleming/.cache/yay/rdkit/src/rdkit-Release_2019_09_3/Code/GraphMol/Descriptors/PMI.cpp
Failed Expression: mol.getNumConformers() >= 1
****

[14:59:08]

****
Pre-condition Violation
molecule has no conformers
Violation occurred on line 173 in file /home/fleming/.cache/yay/rdkit/src/rdkit-Release_2019_09_3/Code/GraphMol/Descriptors/PMI.cpp
Failed Expression: mol.getNumConformers() >= 1
****

[14:59:08]

****
Pre-condition Violation
molecule has no conformers
Violation occurred on line 112 in file /home/fleming/.cache/yay/rdkit/src/rdkit-Release_2019_09_3/Code/GraphMol/Descriptors/PMI.cpp
Failed Expression: mol.getNumConformers() >= 1
****

[14:59:08]

****
Pre-condition Violation
molecule has no conformers
Violation occurred on line 122 in file /home/fleming/.cache/yay/rdkit/src/rdkit-Release_2019_09_3/Code/GraphMol/Descriptors/PMI.cpp
Failed Expression: mol.getNumConformers() >= 1
****

[14:59:08]

****
Pre-condition Violation
molecule has no conformers
Violation occurred on line 132 in file /home/fleming/.cache/yay/rdkit/src/rdkit-Release_2019_09_3/Code/GraphMol/Descriptors/PMI.cpp
Failed Expression: mol.getNumConformers() >= 1
****

[14:59:08]

****
Pre-condition Violation
molecule has no conformers
Violation occurred on line 141 in file /home/fleming/.cache/yay/rdkit/src/rdkit-Release_2019_09_3/Code/GraphMol/Descriptors/PMI.cpp
Failed Expression: mol.getNumConformers() >= 1
****

[14:59:08]

****
Pre-condition Violation
molecule has no conformers
Violation occurred on line 150 in file /home/fleming/.cache/yay/rdkit/src/rdkit-Release_2019_09_3/Code/GraphMol/Descriptors/PMI.cpp
Failed Expression: mol.getNumConformers() >= 1
****

[14:59:08]

****
Pre-condition Violation
molecule has no conformers
Violation occurred on line 161 in file /home/fleming/.cache/yay/rdkit/src/rdkit-Release_2019_09_3/Code/GraphMol/Descriptors/PMI.cpp
Failed Expression: mol.getNumConformers() >= 1
****

[14:59:08]

****
Pre-condition Violation
molecule has no conformers
Violation occurred on line 222 in file /home/fleming/.cache/yay/rdkit/src/rdkit-Release_2019_09_3/Code/GraphMol/Descriptors/PMI.cpp
Failed Expression: mol.getNumConformers() >= 1
****

[14:59:10]

****
Pre-condition Violation
molecule has no conformers
Violation occurred on line 204 in file /home/fleming/.cache/yay/rdkit/src/rdkit-Release_2019_09_3/Code/GraphMol/Descriptors/PMI.cpp
Failed Expression: mol.getNumConformers() >= 1
****

[14:59:10]

****
Pre-condition Violation
molecule has no conformers
Violation occurred on line 188 in file /home/fleming/.cache/yay/rdkit/src/rdkit-Release_2019_09_3/Code/GraphMol/Descriptors/PMI.cpp
Failed Expression: mol.getNumConformers() >= 1
****

[14:59:10]

****
Pre-condition Violation
molecule has no conformers
Violation occurred on line 173 in file /home/fleming/.cache/yay/rdkit/src/rdkit-Release_2019_09_3/Code/GraphMol/Descriptors/PMI.cpp
Failed Expression: mol.getNumConformers() >= 1
****

[14:59:10]

****
Pre-condition Violation
molecule has no conformers
Violation occurred on line 112 in file /home/fleming/.cache/yay/rdkit/src/rdkit-Release_2019_09_3/Code/GraphMol/Descriptors/PMI.cpp
Failed Expression: mol.getNumConformers() >= 1
****

[14:59:10]

****
Pre-condition Violation
molecule has no conformers
Violation occurred on line 122 in file /home/fleming/.cache/yay/rdkit/src/rdkit-Release_2019_09_3/Code/GraphMol/Descriptors/PMI.cpp
Failed Expression: mol.getNumConformers() >= 1
****

[14:59:10]

****
Pre-condition Violation
molecule has no conformers
Violation occurred on line 132 in file /home/fleming/.cache/yay/rdkit/src/rdkit-Release_2019_09_3/Code/GraphMol/Descriptors/PMI.cpp
Failed Expression: mol.getNumConformers() >= 1
****

[14:59:10]

****
Pre-condition Violation
molecule has no conformers
Violation occurred on line 141 in file /home/fleming/.cache/yay/rdkit/src/rdkit-Release_2019_09_3/Code/GraphMol/Descriptors/PMI.cpp
Failed Expression: mol.getNumConformers() >= 1
****

[14:59:10]

****
Pre-condition Violation
molecule has no conformers
Violation occurred on line 150 in file /home/fleming/.cache/yay/rdkit/src/rdkit-Release_2019_09_3/Code/GraphMol/Descriptors/PMI.cpp
Failed Expression: mol.getNumConformers() >= 1
****

[14:59:10]

****
Pre-condition Violation
molecule has no conformers
Violation occurred on line 161 in file /home/fleming/.cache/yay/rdkit/src/rdkit-Release_2019_09_3/Code/GraphMol/Descriptors/PMI.cpp
Failed Expression: mol.getNumConformers() >= 1
****

[14:59:10]

****
Pre-condition Violation
molecule has no conformers
Violation occurred on line 222 in file /home/fleming/.cache/yay/rdkit/src/rdkit-Release_2019_09_3/Code/GraphMol/Descriptors/PMI.cpp
Failed Expression: mol.getNumConformers() >= 1
****

[14:59:11]

****
Pre-condition Violation
molecule has no conformers
Violation occurred on line 204 in file /home/fleming/.cache/yay/rdkit/src/rdkit-Release_2019_09_3/Code/GraphMol/Descriptors/PMI.cpp
Failed Expression: mol.getNumConformers() >= 1
****

[14:59:11]

****
Pre-condition Violation
molecule has no conformers
Violation occurred on line 188 in file /home/fleming/.cache/yay/rdkit/src/rdkit-Release_2019_09_3/Code/GraphMol/Descriptors/PMI.cpp
Failed Expression: mol.getNumConformers() >= 1
****

[14:59:11]

****
Pre-condition Violation
molecule has no conformers
Violation occurred on line 173 in file /home/fleming/.cache/yay/rdkit/src/rdkit-Release_2019_09_3/Code/GraphMol/Descriptors/PMI.cpp
Failed Expression: mol.getNumConformers() >= 1
****

[14:59:11]

****
Pre-condition Violation
molecule has no conformers
Violation occurred on line 112 in file /home/fleming/.cache/yay/rdkit/src/rdkit-Release_2019_09_3/Code/GraphMol/Descriptors/PMI.cpp
Failed Expression: mol.getNumConformers() >= 1
****

[14:59:11]

****
Pre-condition Violation
molecule has no conformers
Violation occurred on line 122 in file /home/fleming/.cache/yay/rdkit/src/rdkit-Release_2019_09_3/Code/GraphMol/Descriptors/PMI.cpp
Failed Expression: mol.getNumConformers() >= 1
****

[14:59:11]

****
Pre-condition Violation
molecule has no conformers
Violation occurred on line 132 in file /home/fleming/.cache/yay/rdkit/src/rdkit-Release_2019_09_3/Code/GraphMol/Descriptors/PMI.cpp
Failed Expression: mol.getNumConformers() >= 1
****

[14:59:11]

****
Pre-condition Violation
molecule has no conformers
Violation occurred on line 141 in file /home/fleming/.cache/yay/rdkit/src/rdkit-Release_2019_09_3/Code/GraphMol/Descriptors/PMI.cpp
Failed Expression: mol.getNumConformers() >= 1
****

[14:59:11]

****
Pre-condition Violation
molecule has no conformers
Violation occurred on line 150 in file /home/fleming/.cache/yay/rdkit/src/rdkit-Release_2019_09_3/Code/GraphMol/Descriptors/PMI.cpp
Failed Expression: mol.getNumConformers() >= 1
****

[14:59:11]

****
Pre-condition Violation
molecule has no conformers
Violation occurred on line 161 in file /home/fleming/.cache/yay/rdkit/src/rdkit-Release_2019_09_3/Code/GraphMol/Descriptors/PMI.cpp
Failed Expression: mol.getNumConformers() >= 1
****

[14:59:11]

****
Pre-condition Violation
molecule has no conformers
Violation occurred on line 222 in file /home/fleming/.cache/yay/rdkit/src/rdkit-Release_2019_09_3/Code/GraphMol/Descriptors/PMI.cpp
Failed Expression: mol.getNumConformers() >= 1
****

[14:59:12]

****
Pre-condition Violation
molecule has no conformers
Violation occurred on line 204 in file /home/fleming/.cache/yay/rdkit/src/rdkit-Release_2019_09_3/Code/GraphMol/Descriptors/PMI.cpp
Failed Expression: mol.getNumConformers() >= 1
****

[14:59:12]

****
Pre-condition Violation
molecule has no conformers
Violation occurred on line 188 in file /home/fleming/.cache/yay/rdkit/src/rdkit-Release_2019_09_3/Code/GraphMol/Descriptors/PMI.cpp
Failed Expression: mol.getNumConformers() >= 1
****

[14:59:12]

****
Pre-condition Violation
molecule has no conformers
Violation occurred on line 173 in file /home/fleming/.cache/yay/rdkit/src/rdkit-Release_2019_09_3/Code/GraphMol/Descriptors/PMI.cpp
Failed Expression: mol.getNumConformers() >= 1
****

[14:59:12]

****
Pre-condition Violation
molecule has no conformers
Violation occurred on line 112 in file /home/fleming/.cache/yay/rdkit/src/rdkit-Release_2019_09_3/Code/GraphMol/Descriptors/PMI.cpp
Failed Expression: mol.getNumConformers() >= 1
****

[14:59:12]

****
Pre-condition Violation
molecule has no conformers
Violation occurred on line 122 in file /home/fleming/.cache/yay/rdkit/src/rdkit-Release_2019_09_3/Code/GraphMol/Descriptors/PMI.cpp
Failed Expression: mol.getNumConformers() >= 1
****

[14:59:12]

****
Pre-condition Violation
molecule has no conformers
Violation occurred on line 132 in file /home/fleming/.cache/yay/rdkit/src/rdkit-Release_2019_09_3/Code/GraphMol/Descriptors/PMI.cpp
Failed Expression: mol.getNumConformers() >= 1
****

[14:59:12]

****
Pre-condition Violation
molecule has no conformers
Violation occurred on line 141 in file /home/fleming/.cache/yay/rdkit/src/rdkit-Release_2019_09_3/Code/GraphMol/Descriptors/PMI.cpp
Failed Expression: mol.getNumConformers() >= 1
****

[14:59:12]

****
Pre-condition Violation
molecule has no conformers
Violation occurred on line 150 in file /home/fleming/.cache/yay/rdkit/src/rdkit-Release_2019_09_3/Code/GraphMol/Descriptors/PMI.cpp
Failed Expression: mol.getNumConformers() >= 1
****

[14:59:12]

****
Pre-condition Violation
molecule has no conformers
Violation occurred on line 161 in file /home/fleming/.cache/yay/rdkit/src/rdkit-Release_2019_09_3/Code/GraphMol/Descriptors/PMI.cpp
Failed Expression: mol.getNumConformers() >= 1
****

[14:59:12]

****
Pre-condition Violation
molecule has no conformers
Violation occurred on line 222 in file /home/fleming/.cache/yay/rdkit/src/rdkit-Release_2019_09_3/Code/GraphMol/Descriptors/PMI.cpp
Failed Expression: mol.getNumConformers() >= 1
****

[14:59:14]

****
Pre-condition Violation
molecule has no conformers
Violation occurred on line 204 in file /home/fleming/.cache/yay/rdkit/src/rdkit-Release_2019_09_3/Code/GraphMol/Descriptors/PMI.cpp
Failed Expression: mol.getNumConformers() >= 1
****

[14:59:14]

****
Pre-condition Violation
molecule has no conformers
Violation occurred on line 188 in file /home/fleming/.cache/yay/rdkit/src/rdkit-Release_2019_09_3/Code/GraphMol/Descriptors/PMI.cpp
Failed Expression: mol.getNumConformers() >= 1
****

[14:59:14]

****
Pre-condition Violation
molecule has no conformers
Violation occurred on line 173 in file /home/fleming/.cache/yay/rdkit/src/rdkit-Release_2019_09_3/Code/GraphMol/Descriptors/PMI.cpp
Failed Expression: mol.getNumConformers() >= 1
****

[14:59:14]

****
Pre-condition Violation
molecule has no conformers
Violation occurred on line 112 in file /home/fleming/.cache/yay/rdkit/src/rdkit-Release_2019_09_3/Code/GraphMol/Descriptors/PMI.cpp
Failed Expression: mol.getNumConformers() >= 1
****

[14:59:14]

****
Pre-condition Violation
molecule has no conformers
Violation occurred on line 122 in file /home/fleming/.cache/yay/rdkit/src/rdkit-Release_2019_09_3/Code/GraphMol/Descriptors/PMI.cpp
Failed Expression: mol.getNumConformers() >= 1
****

[14:59:14]

****
Pre-condition Violation
molecule has no conformers
Violation occurred on line 132 in file /home/fleming/.cache/yay/rdkit/src/rdkit-Release_2019_09_3/Code/GraphMol/Descriptors/PMI.cpp
Failed Expression: mol.getNumConformers() >= 1
****

[14:59:14]

****
Pre-condition Violation
molecule has no conformers
Violation occurred on line 141 in file /home/fleming/.cache/yay/rdkit/src/rdkit-Release_2019_09_3/Code/GraphMol/Descriptors/PMI.cpp
Failed Expression: mol.getNumConformers() >= 1
****

[14:59:14]

****
Pre-condition Violation
molecule has no conformers
Violation occurred on line 150 in file /home/fleming/.cache/yay/rdkit/src/rdkit-Release_2019_09_3/Code/GraphMol/Descriptors/PMI.cpp
Failed Expression: mol.getNumConformers() >= 1
****

[14:59:14]

****
Pre-condition Violation
molecule has no conformers
Violation occurred on line 161 in file /home/fleming/.cache/yay/rdkit/src/rdkit-Release_2019_09_3/Code/GraphMol/Descriptors/PMI.cpp
Failed Expression: mol.getNumConformers() >= 1
****

[14:59:14]

****
Pre-condition Violation
molecule has no conformers
Violation occurred on line 222 in file /home/fleming/.cache/yay/rdkit/src/rdkit-Release_2019_09_3/Code/GraphMol/Descriptors/PMI.cpp
Failed Expression: mol.getNumConformers() >= 1
****

[14:59:15]

****
Pre-condition Violation
molecule has no conformers
Violation occurred on line 204 in file /home/fleming/.cache/yay/rdkit/src/rdkit-Release_2019_09_3/Code/GraphMol/Descriptors/PMI.cpp
Failed Expression: mol.getNumConformers() >= 1
****

[14:59:15]

****
Pre-condition Violation
molecule has no conformers
Violation occurred on line 188 in file /home/fleming/.cache/yay/rdkit/src/rdkit-Release_2019_09_3/Code/GraphMol/Descriptors/PMI.cpp
Failed Expression: mol.getNumConformers() >= 1
****

[14:59:15]

****
Pre-condition Violation
molecule has no conformers
Violation occurred on line 173 in file /home/fleming/.cache/yay/rdkit/src/rdkit-Release_2019_09_3/Code/GraphMol/Descriptors/PMI.cpp
Failed Expression: mol.getNumConformers() >= 1
****

[14:59:15]

****
Pre-condition Violation
molecule has no conformers
Violation occurred on line 112 in file /home/fleming/.cache/yay/rdkit/src/rdkit-Release_2019_09_3/Code/GraphMol/Descriptors/PMI.cpp
Failed Expression: mol.getNumConformers() >= 1
****

[14:59:15]

****
Pre-condition Violation
molecule has no conformers
Violation occurred on line 122 in file /home/fleming/.cache/yay/rdkit/src/rdkit-Release_2019_09_3/Code/GraphMol/Descriptors/PMI.cpp
Failed Expression: mol.getNumConformers() >= 1
****

[14:59:15]

****
Pre-condition Violation
molecule has no conformers
Violation occurred on line 132 in file /home/fleming/.cache/yay/rdkit/src/rdkit-Release_2019_09_3/Code/GraphMol/Descriptors/PMI.cpp
Failed Expression: mol.getNumConformers() >= 1
****

[14:59:15]

****
Pre-condition Violation
molecule has no conformers
Violation occurred on line 141 in file /home/fleming/.cache/yay/rdkit/src/rdkit-Release_2019_09_3/Code/GraphMol/Descriptors/PMI.cpp
Failed Expression: mol.getNumConformers() >= 1
****

[14:59:15]

****
Pre-condition Violation
molecule has no conformers
Violation occurred on line 150 in file /home/fleming/.cache/yay/rdkit/src/rdkit-Release_2019_09_3/Code/GraphMol/Descriptors/PMI.cpp
Failed Expression: mol.getNumConformers() >= 1
****

[14:59:15]

****
Pre-condition Violation
molecule has no conformers
Violation occurred on line 161 in file /home/fleming/.cache/yay/rdkit/src/rdkit-Release_2019_09_3/Code/GraphMol/Descriptors/PMI.cpp
Failed Expression: mol.getNumConformers() >= 1
****

[14:59:15]

****
Pre-condition Violation
molecule has no conformers
Violation occurred on line 222 in file /home/fleming/.cache/yay/rdkit/src/rdkit-Release_2019_09_3/Code/GraphMol/Descriptors/PMI.cpp
Failed Expression: mol.getNumConformers() >= 1
****

[14:59:16]

****
Pre-condition Violation
molecule has no conformers
Violation occurred on line 204 in file /home/fleming/.cache/yay/rdkit/src/rdkit-Release_2019_09_3/Code/GraphMol/Descriptors/PMI.cpp
Failed Expression: mol.getNumConformers() >= 1
****

[14:59:16]

****
Pre-condition Violation
molecule has no conformers
Violation occurred on line 188 in file /home/fleming/.cache/yay/rdkit/src/rdkit-Release_2019_09_3/Code/GraphMol/Descriptors/PMI.cpp
Failed Expression: mol.getNumConformers() >= 1
****

[14:59:16]

****
Pre-condition Violation
molecule has no conformers
Violation occurred on line 173 in file /home/fleming/.cache/yay/rdkit/src/rdkit-Release_2019_09_3/Code/GraphMol/Descriptors/PMI.cpp
Failed Expression: mol.getNumConformers() >= 1
****

[14:59:16]

****
Pre-condition Violation
molecule has no conformers
Violation occurred on line 112 in file /home/fleming/.cache/yay/rdkit/src/rdkit-Release_2019_09_3/Code/GraphMol/Descriptors/PMI.cpp
Failed Expression: mol.getNumConformers() >= 1
****

[14:59:16]

****
Pre-condition Violation
molecule has no conformers
Violation occurred on line 122 in file /home/fleming/.cache/yay/rdkit/src/rdkit-Release_2019_09_3/Code/GraphMol/Descriptors/PMI.cpp
Failed Expression: mol.getNumConformers() >= 1
****

[14:59:16]

****
Pre-condition Violation
molecule has no conformers
Violation occurred on line 132 in file /home/fleming/.cache/yay/rdkit/src/rdkit-Release_2019_09_3/Code/GraphMol/Descriptors/PMI.cpp
Failed Expression: mol.getNumConformers() >= 1
****

[14:59:16]

****
Pre-condition Violation
molecule has no conformers
Violation occurred on line 141 in file /home/fleming/.cache/yay/rdkit/src/rdkit-Release_2019_09_3/Code/GraphMol/Descriptors/PMI.cpp
Failed Expression: mol.getNumConformers() >= 1
****

[14:59:16]

****
Pre-condition Violation
molecule has no conformers
Violation occurred on line 150 in file /home/fleming/.cache/yay/rdkit/src/rdkit-Release_2019_09_3/Code/GraphMol/Descriptors/PMI.cpp
Failed Expression: mol.getNumConformers() >= 1
****

[14:59:16]

****
Pre-condition Violation
molecule has no conformers
Violation occurred on line 161 in file /home/fleming/.cache/yay/rdkit/src/rdkit-Release_2019_09_3/Code/GraphMol/Descriptors/PMI.cpp
Failed Expression: mol.getNumConformers() >= 1
****

[14:59:16]

****
Pre-condition Violation
molecule has no conformers
Violation occurred on line 222 in file /home/fleming/.cache/yay/rdkit/src/rdkit-Release_2019_09_3/Code/GraphMol/Descriptors/PMI.cpp
Failed Expression: mol.getNumConformers() >= 1
****

[14:59:16]

****
Pre-condition Violation
molecule has no conformers
Violation occurred on line 204 in file /home/fleming/.cache/yay/rdkit/src/rdkit-Release_2019_09_3/Code/GraphMol/Descriptors/PMI.cpp
Failed Expression: mol.getNumConformers() >= 1
****

[14:59:16]

****
Pre-condition Violation
molecule has no conformers
Violation occurred on line 188 in file /home/fleming/.cache/yay/rdkit/src/rdkit-Release_2019_09_3/Code/GraphMol/Descriptors/PMI.cpp
Failed Expression: mol.getNumConformers() >= 1
****

[14:59:16]

****
Pre-condition Violation
molecule has no conformers
Violation occurred on line 173 in file /home/fleming/.cache/yay/rdkit/src/rdkit-Release_2019_09_3/Code/GraphMol/Descriptors/PMI.cpp
Failed Expression: mol.getNumConformers() >= 1
****

[14:59:16]

****
Pre-condition Violation
molecule has no conformers
Violation occurred on line 112 in file /home/fleming/.cache/yay/rdkit/src/rdkit-Release_2019_09_3/Code/GraphMol/Descriptors/PMI.cpp
Failed Expression: mol.getNumConformers() >= 1
****

[14:59:16]

****
Pre-condition Violation
molecule has no conformers
Violation occurred on line 122 in file /home/fleming/.cache/yay/rdkit/src/rdkit-Release_2019_09_3/Code/GraphMol/Descriptors/PMI.cpp
Failed Expression: mol.getNumConformers() >= 1
****

[14:59:16]

****
Pre-condition Violation
molecule has no conformers
Violation occurred on line 132 in file /home/fleming/.cache/yay/rdkit/src/rdkit-Release_2019_09_3/Code/GraphMol/Descriptors/PMI.cpp
Failed Expression: mol.getNumConformers() >= 1
****

[14:59:16]

****
Pre-condition Violation
molecule has no conformers
Violation occurred on line 141 in file /home/fleming/.cache/yay/rdkit/src/rdkit-Release_2019_09_3/Code/GraphMol/Descriptors/PMI.cpp
Failed Expression: mol.getNumConformers() >= 1
****

[14:59:16]

****
Pre-condition Violation
molecule has no conformers
Violation occurred on line 150 in file /home/fleming/.cache/yay/rdkit/src/rdkit-Release_2019_09_3/Code/GraphMol/Descriptors/PMI.cpp
Failed Expression: mol.getNumConformers() >= 1
****

[14:59:16]

****
Pre-condition Violation
molecule has no conformers
Violation occurred on line 161 in file /home/fleming/.cache/yay/rdkit/src/rdkit-Release_2019_09_3/Code/GraphMol/Descriptors/PMI.cpp
Failed Expression: mol.getNumConformers() >= 1
****

[14:59:16]

****
Pre-condition Violation
molecule has no conformers
Violation occurred on line 222 in file /home/fleming/.cache/yay/rdkit/src/rdkit-Release_2019_09_3/Code/GraphMol/Descriptors/PMI.cpp
Failed Expression: mol.getNumConformers() >= 1
****

[14:59:18]

****
Pre-condition Violation
molecule has no conformers
Violation occurred on line 204 in file /home/fleming/.cache/yay/rdkit/src/rdkit-Release_2019_09_3/Code/GraphMol/Descriptors/PMI.cpp
Failed Expression: mol.getNumConformers() >= 1
****

[14:59:18]

****
Pre-condition Violation
molecule has no conformers
Violation occurred on line 188 in file /home/fleming/.cache/yay/rdkit/src/rdkit-Release_2019_09_3/Code/GraphMol/Descriptors/PMI.cpp
Failed Expression: mol.getNumConformers() >= 1
****

[14:59:18]

****
Pre-condition Violation
molecule has no conformers
Violation occurred on line 173 in file /home/fleming/.cache/yay/rdkit/src/rdkit-Release_2019_09_3/Code/GraphMol/Descriptors/PMI.cpp
Failed Expression: mol.getNumConformers() >= 1
****

[14:59:18]

****
Pre-condition Violation
molecule has no conformers
Violation occurred on line 112 in file /home/fleming/.cache/yay/rdkit/src/rdkit-Release_2019_09_3/Code/GraphMol/Descriptors/PMI.cpp
Failed Expression: mol.getNumConformers() >= 1
****

[14:59:18]

****
Pre-condition Violation
molecule has no conformers
Violation occurred on line 122 in file /home/fleming/.cache/yay/rdkit/src/rdkit-Release_2019_09_3/Code/GraphMol/Descriptors/PMI.cpp
Failed Expression: mol.getNumConformers() >= 1
****

[14:59:18]

****
Pre-condition Violation
molecule has no conformers
Violation occurred on line 132 in file /home/fleming/.cache/yay/rdkit/src/rdkit-Release_2019_09_3/Code/GraphMol/Descriptors/PMI.cpp
Failed Expression: mol.getNumConformers() >= 1
****

[14:59:18]

****
Pre-condition Violation
molecule has no conformers
Violation occurred on line 141 in file /home/fleming/.cache/yay/rdkit/src/rdkit-Release_2019_09_3/Code/GraphMol/Descriptors/PMI.cpp
Failed Expression: mol.getNumConformers() >= 1
****

[14:59:18]

****
Pre-condition Violation
molecule has no conformers
Violation occurred on line 150 in file /home/fleming/.cache/yay/rdkit/src/rdkit-Release_2019_09_3/Code/GraphMol/Descriptors/PMI.cpp
Failed Expression: mol.getNumConformers() >= 1
****

[14:59:18]

****
Pre-condition Violation
molecule has no conformers
Violation occurred on line 161 in file /home/fleming/.cache/yay/rdkit/src/rdkit-Release_2019_09_3/Code/GraphMol/Descriptors/PMI.cpp
Failed Expression: mol.getNumConformers() >= 1
****

[14:59:18]

****
Pre-condition Violation
molecule has no conformers
Violation occurred on line 222 in file /home/fleming/.cache/yay/rdkit/src/rdkit-Release_2019_09_3/Code/GraphMol/Descriptors/PMI.cpp
Failed Expression: mol.getNumConformers() >= 1
****

[14:59:21]

****
Pre-condition Violation
molecule has no conformers
Violation occurred on line 204 in file /home/fleming/.cache/yay/rdkit/src/rdkit-Release_2019_09_3/Code/GraphMol/Descriptors/PMI.cpp
Failed Expression: mol.getNumConformers() >= 1
****

[14:59:21]

****
Pre-condition Violation
molecule has no conformers
Violation occurred on line 188 in file /home/fleming/.cache/yay/rdkit/src/rdkit-Release_2019_09_3/Code/GraphMol/Descriptors/PMI.cpp
Failed Expression: mol.getNumConformers() >= 1
****

[14:59:21]

****
Pre-condition Violation
molecule has no conformers
Violation occurred on line 173 in file /home/fleming/.cache/yay/rdkit/src/rdkit-Release_2019_09_3/Code/GraphMol/Descriptors/PMI.cpp
Failed Expression: mol.getNumConformers() >= 1
****

[14:59:21]

****
Pre-condition Violation
molecule has no conformers
Violation occurred on line 112 in file /home/fleming/.cache/yay/rdkit/src/rdkit-Release_2019_09_3/Code/GraphMol/Descriptors/PMI.cpp
Failed Expression: mol.getNumConformers() >= 1
****

[14:59:21]

****
Pre-condition Violation
molecule has no conformers
Violation occurred on line 122 in file /home/fleming/.cache/yay/rdkit/src/rdkit-Release_2019_09_3/Code/GraphMol/Descriptors/PMI.cpp
Failed Expression: mol.getNumConformers() >= 1
****

[14:59:21]

****
Pre-condition Violation
molecule has no conformers
Violation occurred on line 132 in file /home/fleming/.cache/yay/rdkit/src/rdkit-Release_2019_09_3/Code/GraphMol/Descriptors/PMI.cpp
Failed Expression: mol.getNumConformers() >= 1
****

[14:59:21]

****
Pre-condition Violation
molecule has no conformers
Violation occurred on line 141 in file /home/fleming/.cache/yay/rdkit/src/rdkit-Release_2019_09_3/Code/GraphMol/Descriptors/PMI.cpp
Failed Expression: mol.getNumConformers() >= 1
****

[14:59:21]

****
Pre-condition Violation
molecule has no conformers
Violation occurred on line 150 in file /home/fleming/.cache/yay/rdkit/src/rdkit-Release_2019_09_3/Code/GraphMol/Descriptors/PMI.cpp
Failed Expression: mol.getNumConformers() >= 1
****

[14:59:21]

****
Pre-condition Violation
molecule has no conformers
Violation occurred on line 161 in file /home/fleming/.cache/yay/rdkit/src/rdkit-Release_2019_09_3/Code/GraphMol/Descriptors/PMI.cpp
Failed Expression: mol.getNumConformers() >= 1
****

[14:59:21]

****
Pre-condition Violation
molecule has no conformers
Violation occurred on line 222 in file /home/fleming/.cache/yay/rdkit/src/rdkit-Release_2019_09_3/Code/GraphMol/Descriptors/PMI.cpp
Failed Expression: mol.getNumConformers() >= 1
****

[14:59:21]

****
Pre-condition Violation
molecule has no conformers
Violation occurred on line 204 in file /home/fleming/.cache/yay/rdkit/src/rdkit-Release_2019_09_3/Code/GraphMol/Descriptors/PMI.cpp
Failed Expression: mol.getNumConformers() >= 1
****

[14:59:21]

****
Pre-condition Violation
molecule has no conformers
Violation occurred on line 188 in file /home/fleming/.cache/yay/rdkit/src/rdkit-Release_2019_09_3/Code/GraphMol/Descriptors/PMI.cpp
Failed Expression: mol.getNumConformers() >= 1
****

[14:59:21]

****
Pre-condition Violation
molecule has no conformers
Violation occurred on line 173 in file /home/fleming/.cache/yay/rdkit/src/rdkit-Release_2019_09_3/Code/GraphMol/Descriptors/PMI.cpp
Failed Expression: mol.getNumConformers() >= 1
****

[14:59:21]

****
Pre-condition Violation
molecule has no conformers
Violation occurred on line 112 in file /home/fleming/.cache/yay/rdkit/src/rdkit-Release_2019_09_3/Code/GraphMol/Descriptors/PMI.cpp
Failed Expression: mol.getNumConformers() >= 1
****

[14:59:21]

****
Pre-condition Violation
molecule has no conformers
Violation occurred on line 122 in file /home/fleming/.cache/yay/rdkit/src/rdkit-Release_2019_09_3/Code/GraphMol/Descriptors/PMI.cpp
Failed Expression: mol.getNumConformers() >= 1
****

[14:59:21]

****
Pre-condition Violation
molecule has no conformers
Violation occurred on line 132 in file /home/fleming/.cache/yay/rdkit/src/rdkit-Release_2019_09_3/Code/GraphMol/Descriptors/PMI.cpp
Failed Expression: mol.getNumConformers() >= 1
****

[14:59:21]

****
Pre-condition Violation
molecule has no conformers
Violation occurred on line 141 in file /home/fleming/.cache/yay/rdkit/src/rdkit-Release_2019_09_3/Code/GraphMol/Descriptors/PMI.cpp
Failed Expression: mol.getNumConformers() >= 1
****

[14:59:21]

****
Pre-condition Violation
molecule has no conformers
Violation occurred on line 150 in file /home/fleming/.cache/yay/rdkit/src/rdkit-Release_2019_09_3/Code/GraphMol/Descriptors/PMI.cpp
Failed Expression: mol.getNumConformers() >= 1
****

[14:59:21]

****
Pre-condition Violation
molecule has no conformers
Violation occurred on line 161 in file /home/fleming/.cache/yay/rdkit/src/rdkit-Release_2019_09_3/Code/GraphMol/Descriptors/PMI.cpp
Failed Expression: mol.getNumConformers() >= 1
****

[14:59:21]

****
Pre-condition Violation
molecule has no conformers
Violation occurred on line 222 in file /home/fleming/.cache/yay/rdkit/src/rdkit-Release_2019_09_3/Code/GraphMol/Descriptors/PMI.cpp
Failed Expression: mol.getNumConformers() >= 1
****

[14:59:21]

****
Pre-condition Violation
molecule has no conformers
Violation occurred on line 204 in file /home/fleming/.cache/yay/rdkit/src/rdkit-Release_2019_09_3/Code/GraphMol/Descriptors/PMI.cpp
Failed Expression: mol.getNumConformers() >= 1
****

[14:59:21]

****
Pre-condition Violation
molecule has no conformers
Violation occurred on line 188 in file /home/fleming/.cache/yay/rdkit/src/rdkit-Release_2019_09_3/Code/GraphMol/Descriptors/PMI.cpp
Failed Expression: mol.getNumConformers() >= 1
****

[14:59:21]

****
Pre-condition Violation
molecule has no conformers
Violation occurred on line 173 in file /home/fleming/.cache/yay/rdkit/src/rdkit-Release_2019_09_3/Code/GraphMol/Descriptors/PMI.cpp
Failed Expression: mol.getNumConformers() >= 1
****

[14:59:21]

****
Pre-condition Violation
molecule has no conformers
Violation occurred on line 112 in file /home/fleming/.cache/yay/rdkit/src/rdkit-Release_2019_09_3/Code/GraphMol/Descriptors/PMI.cpp
Failed Expression: mol.getNumConformers() >= 1
****

[14:59:21]

****
Pre-condition Violation
molecule has no conformers
Violation occurred on line 122 in file /home/fleming/.cache/yay/rdkit/src/rdkit-Release_2019_09_3/Code/GraphMol/Descriptors/PMI.cpp
Failed Expression: mol.getNumConformers() >= 1
****

[14:59:21]

****
Pre-condition Violation
molecule has no conformers
Violation occurred on line 132 in file /home/fleming/.cache/yay/rdkit/src/rdkit-Release_2019_09_3/Code/GraphMol/Descriptors/PMI.cpp
Failed Expression: mol.getNumConformers() >= 1
****

[14:59:21]

****
Pre-condition Violation
molecule has no conformers
Violation occurred on line 141 in file /home/fleming/.cache/yay/rdkit/src/rdkit-Release_2019_09_3/Code/GraphMol/Descriptors/PMI.cpp
Failed Expression: mol.getNumConformers() >= 1
****

[14:59:21]

****
Pre-condition Violation
molecule has no conformers
Violation occurred on line 150 in file /home/fleming/.cache/yay/rdkit/src/rdkit-Release_2019_09_3/Code/GraphMol/Descriptors/PMI.cpp
Failed Expression: mol.getNumConformers() >= 1
****

[14:59:21]

****
Pre-condition Violation
molecule has no conformers
Violation occurred on line 161 in file /home/fleming/.cache/yay/rdkit/src/rdkit-Release_2019_09_3/Code/GraphMol/Descriptors/PMI.cpp
Failed Expression: mol.getNumConformers() >= 1
****

[14:59:21]

****
Pre-condition Violation
molecule has no conformers
Violation occurred on line 222 in file /home/fleming/.cache/yay/rdkit/src/rdkit-Release_2019_09_3/Code/GraphMol/Descriptors/PMI.cpp
Failed Expression: mol.getNumConformers() >= 1
****

[14:59:22]

****
Pre-condition Violation
molecule has no conformers
Violation occurred on line 204 in file /home/fleming/.cache/yay/rdkit/src/rdkit-Release_2019_09_3/Code/GraphMol/Descriptors/PMI.cpp
Failed Expression: mol.getNumConformers() >= 1
****

[14:59:22]

****
Pre-condition Violation
molecule has no conformers
Violation occurred on line 188 in file /home/fleming/.cache/yay/rdkit/src/rdkit-Release_2019_09_3/Code/GraphMol/Descriptors/PMI.cpp
Failed Expression: mol.getNumConformers() >= 1
****

[14:59:22]

****
Pre-condition Violation
molecule has no conformers
Violation occurred on line 173 in file /home/fleming/.cache/yay/rdkit/src/rdkit-Release_2019_09_3/Code/GraphMol/Descriptors/PMI.cpp
Failed Expression: mol.getNumConformers() >= 1
****

[14:59:22]

****
Pre-condition Violation
molecule has no conformers
Violation occurred on line 112 in file /home/fleming/.cache/yay/rdkit/src/rdkit-Release_2019_09_3/Code/GraphMol/Descriptors/PMI.cpp
Failed Expression: mol.getNumConformers() >= 1
****

[14:59:22]

****
Pre-condition Violation
molecule has no conformers
Violation occurred on line 122 in file /home/fleming/.cache/yay/rdkit/src/rdkit-Release_2019_09_3/Code/GraphMol/Descriptors/PMI.cpp
Failed Expression: mol.getNumConformers() >= 1
****

[14:59:22]

****
Pre-condition Violation
molecule has no conformers
Violation occurred on line 132 in file /home/fleming/.cache/yay/rdkit/src/rdkit-Release_2019_09_3/Code/GraphMol/Descriptors/PMI.cpp
Failed Expression: mol.getNumConformers() >= 1
****

[14:59:22]

****
Pre-condition Violation
molecule has no conformers
Violation occurred on line 141 in file /home/fleming/.cache/yay/rdkit/src/rdkit-Release_2019_09_3/Code/GraphMol/Descriptors/PMI.cpp
Failed Expression: mol.getNumConformers() >= 1
****

[14:59:22]

****
Pre-condition Violation
molecule has no conformers
Violation occurred on line 150 in file /home/fleming/.cache/yay/rdkit/src/rdkit-Release_2019_09_3/Code/GraphMol/Descriptors/PMI.cpp
Failed Expression: mol.getNumConformers() >= 1
****

[14:59:22]

****
Pre-condition Violation
molecule has no conformers
Violation occurred on line 161 in file /home/fleming/.cache/yay/rdkit/src/rdkit-Release_2019_09_3/Code/GraphMol/Descriptors/PMI.cpp
Failed Expression: mol.getNumConformers() >= 1
****

[14:59:22]

****
Pre-condition Violation
molecule has no conformers
Violation occurred on line 222 in file /home/fleming/.cache/yay/rdkit/src/rdkit-Release_2019_09_3/Code/GraphMol/Descriptors/PMI.cpp
Failed Expression: mol.getNumConformers() >= 1
****

[14:59:22]

****
Pre-condition Violation
molecule has no conformers
Violation occurred on line 204 in file /home/fleming/.cache/yay/rdkit/src/rdkit-Release_2019_09_3/Code/GraphMol/Descriptors/PMI.cpp
Failed Expression: mol.getNumConformers() >= 1
****

[14:59:22]

****
Pre-condition Violation
molecule has no conformers
Violation occurred on line 188 in file /home/fleming/.cache/yay/rdkit/src/rdkit-Release_2019_09_3/Code/GraphMol/Descriptors/PMI.cpp
Failed Expression: mol.getNumConformers() >= 1
****

[14:59:22]

****
Pre-condition Violation
molecule has no conformers
Violation occurred on line 173 in file /home/fleming/.cache/yay/rdkit/src/rdkit-Release_2019_09_3/Code/GraphMol/Descriptors/PMI.cpp
Failed Expression: mol.getNumConformers() >= 1
****

[14:59:22]

****
Pre-condition Violation
molecule has no conformers
Violation occurred on line 112 in file /home/fleming/.cache/yay/rdkit/src/rdkit-Release_2019_09_3/Code/GraphMol/Descriptors/PMI.cpp
Failed Expression: mol.getNumConformers() >= 1
****

[14:59:22]

****
Pre-condition Violation
molecule has no conformers
Violation occurred on line 122 in file /home/fleming/.cache/yay/rdkit/src/rdkit-Release_2019_09_3/Code/GraphMol/Descriptors/PMI.cpp
Failed Expression: mol.getNumConformers() >= 1
****

[14:59:22]

****
Pre-condition Violation
molecule has no conformers
Violation occurred on line 132 in file /home/fleming/.cache/yay/rdkit/src/rdkit-Release_2019_09_3/Code/GraphMol/Descriptors/PMI.cpp
Failed Expression: mol.getNumConformers() >= 1
****

[14:59:22]

****
Pre-condition Violation
molecule has no conformers
Violation occurred on line 141 in file /home/fleming/.cache/yay/rdkit/src/rdkit-Release_2019_09_3/Code/GraphMol/Descriptors/PMI.cpp
Failed Expression: mol.getNumConformers() >= 1
****

[14:59:22]

****
Pre-condition Violation
molecule has no conformers
Violation occurred on line 150 in file /home/fleming/.cache/yay/rdkit/src/rdkit-Release_2019_09_3/Code/GraphMol/Descriptors/PMI.cpp
Failed Expression: mol.getNumConformers() >= 1
****

[14:59:22]

****
Pre-condition Violation
molecule has no conformers
Violation occurred on line 161 in file /home/fleming/.cache/yay/rdkit/src/rdkit-Release_2019_09_3/Code/GraphMol/Descriptors/PMI.cpp
Failed Expression: mol.getNumConformers() >= 1
****

[14:59:22]

****
Pre-condition Violation
molecule has no conformers
Violation occurred on line 222 in file /home/fleming/.cache/yay/rdkit/src/rdkit-Release_2019_09_3/Code/GraphMol/Descriptors/PMI.cpp
Failed Expression: mol.getNumConformers() >= 1
****

[14:59:25]

****
Pre-condition Violation
molecule has no conformers
Violation occurred on line 204 in file /home/fleming/.cache/yay/rdkit/src/rdkit-Release_2019_09_3/Code/GraphMol/Descriptors/PMI.cpp
Failed Expression: mol.getNumConformers() >= 1
****

[14:59:25]

****
Pre-condition Violation
molecule has no conformers
Violation occurred on line 188 in file /home/fleming/.cache/yay/rdkit/src/rdkit-Release_2019_09_3/Code/GraphMol/Descriptors/PMI.cpp
Failed Expression: mol.getNumConformers() >= 1
****

[14:59:25]

****
Pre-condition Violation
molecule has no conformers
Violation occurred on line 173 in file /home/fleming/.cache/yay/rdkit/src/rdkit-Release_2019_09_3/Code/GraphMol/Descriptors/PMI.cpp
Failed Expression: mol.getNumConformers() >= 1
****

[14:59:25]

****
Pre-condition Violation
molecule has no conformers
Violation occurred on line 112 in file /home/fleming/.cache/yay/rdkit/src/rdkit-Release_2019_09_3/Code/GraphMol/Descriptors/PMI.cpp
Failed Expression: mol.getNumConformers() >= 1
****

[14:59:25]

****
Pre-condition Violation
molecule has no conformers
Violation occurred on line 122 in file /home/fleming/.cache/yay/rdkit/src/rdkit-Release_2019_09_3/Code/GraphMol/Descriptors/PMI.cpp
Failed Expression: mol.getNumConformers() >= 1
****

[14:59:25]

****
Pre-condition Violation
molecule has no conformers
Violation occurred on line 132 in file /home/fleming/.cache/yay/rdkit/src/rdkit-Release_2019_09_3/Code/GraphMol/Descriptors/PMI.cpp
Failed Expression: mol.getNumConformers() >= 1
****

[14:59:25]

****
Pre-condition Violation
molecule has no conformers
Violation occurred on line 141 in file /home/fleming/.cache/yay/rdkit/src/rdkit-Release_2019_09_3/Code/GraphMol/Descriptors/PMI.cpp
Failed Expression: mol.getNumConformers() >= 1
****

[14:59:25]

****
Pre-condition Violation
molecule has no conformers
Violation occurred on line 150 in file /home/fleming/.cache/yay/rdkit/src/rdkit-Release_2019_09_3/Code/GraphMol/Descriptors/PMI.cpp
Failed Expression: mol.getNumConformers() >= 1
****

[14:59:25]

****
Pre-condition Violation
molecule has no conformers
Violation occurred on line 161 in file /home/fleming/.cache/yay/rdkit/src/rdkit-Release_2019_09_3/Code/GraphMol/Descriptors/PMI.cpp
Failed Expression: mol.getNumConformers() >= 1
****

[14:59:25]

****
Pre-condition Violation
molecule has no conformers
Violation occurred on line 222 in file /home/fleming/.cache/yay/rdkit/src/rdkit-Release_2019_09_3/Code/GraphMol/Descriptors/PMI.cpp
Failed Expression: mol.getNumConformers() >= 1
****

[14:59:25] UFFTYPER: Unrecognized charge state for atom: 1
[14:59:26]

****
Pre-condition Violation
molecule has no conformers
Violation occurred on line 204 in file /home/fleming/.cache/yay/rdkit/src/rdkit-Release_2019_09_3/Code/GraphMol/Descriptors/PMI.cpp
Failed Expression: mol.getNumConformers() >= 1
****

[14:59:26]

****
Pre-condition Violation
molecule has no conformers
Violation occurred on line 188 in file /home/fleming/.cache/yay/rdkit/src/rdkit-Release_2019_09_3/Code/GraphMol/Descriptors/PMI.cpp
Failed Expression: mol.getNumConformers() >= 1
****

[14:59:26]

****
Pre-condition Violation
molecule has no conformers
Violation occurred on line 173 in file /home/fleming/.cache/yay/rdkit/src/rdkit-Release_2019_09_3/Code/GraphMol/Descriptors/PMI.cpp
Failed Expression: mol.getNumConformers() >= 1
****

[14:59:26]

****
Pre-condition Violation
molecule has no conformers
Violation occurred on line 112 in file /home/fleming/.cache/yay/rdkit/src/rdkit-Release_2019_09_3/Code/GraphMol/Descriptors/PMI.cpp
Failed Expression: mol.getNumConformers() >= 1
****

[14:59:26]

****
Pre-condition Violation
molecule has no conformers
Violation occurred on line 122 in file /home/fleming/.cache/yay/rdkit/src/rdkit-Release_2019_09_3/Code/GraphMol/Descriptors/PMI.cpp
Failed Expression: mol.getNumConformers() >= 1
****

[14:59:26]

****
Pre-condition Violation
molecule has no conformers
Violation occurred on line 132 in file /home/fleming/.cache/yay/rdkit/src/rdkit-Release_2019_09_3/Code/GraphMol/Descriptors/PMI.cpp
Failed Expression: mol.getNumConformers() >= 1
****

[14:59:26]

****
Pre-condition Violation
molecule has no conformers
Violation occurred on line 141 in file /home/fleming/.cache/yay/rdkit/src/rdkit-Release_2019_09_3/Code/GraphMol/Descriptors/PMI.cpp
Failed Expression: mol.getNumConformers() >= 1
****

[14:59:26]

****
Pre-condition Violation
molecule has no conformers
Violation occurred on line 150 in file /home/fleming/.cache/yay/rdkit/src/rdkit-Release_2019_09_3/Code/GraphMol/Descriptors/PMI.cpp
Failed Expression: mol.getNumConformers() >= 1
****

[14:59:26]

****
Pre-condition Violation
molecule has no conformers
Violation occurred on line 161 in file /home/fleming/.cache/yay/rdkit/src/rdkit-Release_2019_09_3/Code/GraphMol/Descriptors/PMI.cpp
Failed Expression: mol.getNumConformers() >= 1
****

[14:59:26]

****
Pre-condition Violation
molecule has no conformers
Violation occurred on line 222 in file /home/fleming/.cache/yay/rdkit/src/rdkit-Release_2019_09_3/Code/GraphMol/Descriptors/PMI.cpp
Failed Expression: mol.getNumConformers() >= 1
****

[14:59:26]

****
Pre-condition Violation
molecule has no conformers
Violation occurred on line 204 in file /home/fleming/.cache/yay/rdkit/src/rdkit-Release_2019_09_3/Code/GraphMol/Descriptors/PMI.cpp
Failed Expression: mol.getNumConformers() >= 1
****

[14:59:26]

****
Pre-condition Violation
molecule has no conformers
Violation occurred on line 188 in file /home/fleming/.cache/yay/rdkit/src/rdkit-Release_2019_09_3/Code/GraphMol/Descriptors/PMI.cpp
Failed Expression: mol.getNumConformers() >= 1
****

[14:59:26]

****
Pre-condition Violation
molecule has no conformers
Violation occurred on line 173 in file /home/fleming/.cache/yay/rdkit/src/rdkit-Release_2019_09_3/Code/GraphMol/Descriptors/PMI.cpp
Failed Expression: mol.getNumConformers() >= 1
****

[14:59:26]

****
Pre-condition Violation
molecule has no conformers
Violation occurred on line 112 in file /home/fleming/.cache/yay/rdkit/src/rdkit-Release_2019_09_3/Code/GraphMol/Descriptors/PMI.cpp
Failed Expression: mol.getNumConformers() >= 1
****

[14:59:26]

****
Pre-condition Violation
molecule has no conformers
Violation occurred on line 122 in file /home/fleming/.cache/yay/rdkit/src/rdkit-Release_2019_09_3/Code/GraphMol/Descriptors/PMI.cpp
Failed Expression: mol.getNumConformers() >= 1
****

[14:59:26]

****
Pre-condition Violation
molecule has no conformers
Violation occurred on line 132 in file /home/fleming/.cache/yay/rdkit/src/rdkit-Release_2019_09_3/Code/GraphMol/Descriptors/PMI.cpp
Failed Expression: mol.getNumConformers() >= 1
****

[14:59:26]

****
Pre-condition Violation
molecule has no conformers
Violation occurred on line 141 in file /home/fleming/.cache/yay/rdkit/src/rdkit-Release_2019_09_3/Code/GraphMol/Descriptors/PMI.cpp
Failed Expression: mol.getNumConformers() >= 1
****

[14:59:26]

****
Pre-condition Violation
molecule has no conformers
Violation occurred on line 150 in file /home/fleming/.cache/yay/rdkit/src/rdkit-Release_2019_09_3/Code/GraphMol/Descriptors/PMI.cpp
Failed Expression: mol.getNumConformers() >= 1
****

[14:59:26]

****
Pre-condition Violation
molecule has no conformers
Violation occurred on line 161 in file /home/fleming/.cache/yay/rdkit/src/rdkit-Release_2019_09_3/Code/GraphMol/Descriptors/PMI.cpp
Failed Expression: mol.getNumConformers() >= 1
****

[14:59:26]

****
Pre-condition Violation
molecule has no conformers
Violation occurred on line 222 in file /home/fleming/.cache/yay/rdkit/src/rdkit-Release_2019_09_3/Code/GraphMol/Descriptors/PMI.cpp
Failed Expression: mol.getNumConformers() >= 1
****

[14:59:27]

****
Pre-condition Violation
molecule has no conformers
Violation occurred on line 204 in file /home/fleming/.cache/yay/rdkit/src/rdkit-Release_2019_09_3/Code/GraphMol/Descriptors/PMI.cpp
Failed Expression: mol.getNumConformers() >= 1
****

[14:59:27]

****
Pre-condition Violation
molecule has no conformers
Violation occurred on line 188 in file /home/fleming/.cache/yay/rdkit/src/rdkit-Release_2019_09_3/Code/GraphMol/Descriptors/PMI.cpp
Failed Expression: mol.getNumConformers() >= 1
****

[14:59:27]

****
Pre-condition Violation
molecule has no conformers
Violation occurred on line 173 in file /home/fleming/.cache/yay/rdkit/src/rdkit-Release_2019_09_3/Code/GraphMol/Descriptors/PMI.cpp
Failed Expression: mol.getNumConformers() >= 1
****

[14:59:27]

****
Pre-condition Violation
molecule has no conformers
Violation occurred on line 112 in file /home/fleming/.cache/yay/rdkit/src/rdkit-Release_2019_09_3/Code/GraphMol/Descriptors/PMI.cpp
Failed Expression: mol.getNumConformers() >= 1
****

[14:59:27]

****
Pre-condition Violation
molecule has no conformers
Violation occurred on line 122 in file /home/fleming/.cache/yay/rdkit/src/rdkit-Release_2019_09_3/Code/GraphMol/Descriptors/PMI.cpp
Failed Expression: mol.getNumConformers() >= 1
****

[14:59:27]

****
Pre-condition Violation
molecule has no conformers
Violation occurred on line 132 in file /home/fleming/.cache/yay/rdkit/src/rdkit-Release_2019_09_3/Code/GraphMol/Descriptors/PMI.cpp
Failed Expression: mol.getNumConformers() >= 1
****

[14:59:27]

****
Pre-condition Violation
molecule has no conformers
Violation occurred on line 141 in file /home/fleming/.cache/yay/rdkit/src/rdkit-Release_2019_09_3/Code/GraphMol/Descriptors/PMI.cpp
Failed Expression: mol.getNumConformers() >= 1
****

[14:59:27]

****
Pre-condition Violation
molecule has no conformers
Violation occurred on line 150 in file /home/fleming/.cache/yay/rdkit/src/rdkit-Release_2019_09_3/Code/GraphMol/Descriptors/PMI.cpp
Failed Expression: mol.getNumConformers() >= 1
****

[14:59:27]

****
Pre-condition Violation
molecule has no conformers
Violation occurred on line 161 in file /home/fleming/.cache/yay/rdkit/src/rdkit-Release_2019_09_3/Code/GraphMol/Descriptors/PMI.cpp
Failed Expression: mol.getNumConformers() >= 1
****

[14:59:27]

****
Pre-condition Violation
molecule has no conformers
Violation occurred on line 222 in file /home/fleming/.cache/yay/rdkit/src/rdkit-Release_2019_09_3/Code/GraphMol/Descriptors/PMI.cpp
Failed Expression: mol.getNumConformers() >= 1
****

[14:59:28]

****
Pre-condition Violation
molecule has no conformers
Violation occurred on line 204 in file /home/fleming/.cache/yay/rdkit/src/rdkit-Release_2019_09_3/Code/GraphMol/Descriptors/PMI.cpp
Failed Expression: mol.getNumConformers() >= 1
****

[14:59:28]

****
Pre-condition Violation
molecule has no conformers
Violation occurred on line 188 in file /home/fleming/.cache/yay/rdkit/src/rdkit-Release_2019_09_3/Code/GraphMol/Descriptors/PMI.cpp
Failed Expression: mol.getNumConformers() >= 1
****

[14:59:28]

****
Pre-condition Violation
molecule has no conformers
Violation occurred on line 173 in file /home/fleming/.cache/yay/rdkit/src/rdkit-Release_2019_09_3/Code/GraphMol/Descriptors/PMI.cpp
Failed Expression: mol.getNumConformers() >= 1
****

[14:59:28]

****
Pre-condition Violation
molecule has no conformers
Violation occurred on line 112 in file /home/fleming/.cache/yay/rdkit/src/rdkit-Release_2019_09_3/Code/GraphMol/Descriptors/PMI.cpp
Failed Expression: mol.getNumConformers() >= 1
****

[14:59:28]

****
Pre-condition Violation
molecule has no conformers
Violation occurred on line 122 in file /home/fleming/.cache/yay/rdkit/src/rdkit-Release_2019_09_3/Code/GraphMol/Descriptors/PMI.cpp
Failed Expression: mol.getNumConformers() >= 1
****

[14:59:28]

****
Pre-condition Violation
molecule has no conformers
Violation occurred on line 132 in file /home/fleming/.cache/yay/rdkit/src/rdkit-Release_2019_09_3/Code/GraphMol/Descriptors/PMI.cpp
Failed Expression: mol.getNumConformers() >= 1
****

[14:59:28]

****
Pre-condition Violation
molecule has no conformers
Violation occurred on line 141 in file /home/fleming/.cache/yay/rdkit/src/rdkit-Release_2019_09_3/Code/GraphMol/Descriptors/PMI.cpp
Failed Expression: mol.getNumConformers() >= 1
****

[14:59:28]

****
Pre-condition Violation
molecule has no conformers
Violation occurred on line 150 in file /home/fleming/.cache/yay/rdkit/src/rdkit-Release_2019_09_3/Code/GraphMol/Descriptors/PMI.cpp
Failed Expression: mol.getNumConformers() >= 1
****

[14:59:28]

****
Pre-condition Violation
molecule has no conformers
Violation occurred on line 161 in file /home/fleming/.cache/yay/rdkit/src/rdkit-Release_2019_09_3/Code/GraphMol/Descriptors/PMI.cpp
Failed Expression: mol.getNumConformers() >= 1
****

[14:59:28]

****
Pre-condition Violation
molecule has no conformers
Violation occurred on line 222 in file /home/fleming/.cache/yay/rdkit/src/rdkit-Release_2019_09_3/Code/GraphMol/Descriptors/PMI.cpp
Failed Expression: mol.getNumConformers() >= 1
****

Traceback (most recent call last):
  File "ranknet.py", line 871, in <module>
    data.split_data()
  File "ranknet.py", line 565, in split_data
    self.get_x(), self.get_y(), split)
  File "ranknet.py", line 331, in get_x
    self.compute_system_information(use_usp_codes=self.use_usp_codes,
  File "ranknet.py", line 487, in compute_system_information
    raise Exception(
Exception: no HSM data for ACQUITY C18
~/Documents/Projects/rt_ranknet $ setq train `("0001" "0002" "0005" "0025" "0050" "0004" "0008" "0010" "0124" "0016" "0045" "0071" "0072" "0073" "0074" "0075" "0076" "0078" "0079" "0080" "0081" "0082" "0128" "0129" "0130" "0131" "0132" "0133" "0134" "0135" "0136" "0137" "0138" "0139" "0051" "0029" "0031" "0034" "0053" "0059" "0125" "0127" "0083" "0084" "0085" "0086" "0087" "0088" "0089" "0090" "0091" "0092" "0093" "0094" "0096" "0097" "0098" "0099" "0100" "0101" "0140" "0141" "0142" "0143" "0144" "0145" "0146" "0147" "0148" "0149" "0150" "0151" "0152" "0153" "0154" "0155" "0156" "0157" "0158" "0179" "0181" "0182")
("0001" "0002" "0005" "0025" "0050" "0004" "0008" "0010" "0124" "0016" "0045" "0071" "0072" "0073" "0074" "0075" "0076" "0078" "0079" "0080" "0081" "0082" "0128" "0129" "0130" "0131" "0132" "0133" "0134" "0135" "0136" "0137" "0138" "0139" "0051" "0029" "0031" "0034" "0053" "0059" "0125" "0127" "0083" "0084" "0085" "0086" "0087" "0088" "0089" "0090" "0091" "0092" "0093" "0094" "0096" "0097" "0098" "0099" "0100" "0101" "0140" "0141" "0142" "0143" "0144" "0145" "0146" "0147" "0148" "0149" "0150" "0151" "0152" "0153" "0154" "0155" "0156" "0157" "0158" "0179" "0181" "0182")
~/Documents/Projects/rt_ranknet $ setq test `("0015" "0023" "0067" "0077" "0028" "0040" "0030" "0033" "0037" "0058" "0068" "0070" "0095" "0180")
("0015" "0023" "0067" "0077" "0028" "0040" "0030" "0033" "0037" "0058" "0068" "0070" "0095" "0180")
~/Documents/Projects/rt_ranknet $ python ranknet.py -i $train -e 100 -b 131072 --standardize --sizes 128 128 -t all --sysinfo --columns_use_hsm --custom_column_fields column.flowrate column.length --test $test
[15:30:58]

****
Pre-condition Violation
molecule has no conformers
Violation occurred on line 204 in file /home/fleming/.cache/yay/rdkit/src/rdkit-Release_2019_09_3/Code/GraphMol/Descriptors/PMI.cpp
Failed Expression: mol.getNumConformers() >= 1
****

[15:30:58]

****
Pre-condition Violation
molecule has no conformers
Violation occurred on line 188 in file /home/fleming/.cache/yay/rdkit/src/rdkit-Release_2019_09_3/Code/GraphMol/Descriptors/PMI.cpp
Failed Expression: mol.getNumConformers() >= 1
****

[15:30:58]

****
Pre-condition Violation
molecule has no conformers
Violation occurred on line 173 in file /home/fleming/.cache/yay/rdkit/src/rdkit-Release_2019_09_3/Code/GraphMol/Descriptors/PMI.cpp
Failed Expression: mol.getNumConformers() >= 1
****

[15:30:58]

****
Pre-condition Violation
molecule has no conformers
Violation occurred on line 112 in file /home/fleming/.cache/yay/rdkit/src/rdkit-Release_2019_09_3/Code/GraphMol/Descriptors/PMI.cpp
Failed Expression: mol.getNumConformers() >= 1
****

[15:30:58]

****
Pre-condition Violation
molecule has no conformers
Violation occurred on line 122 in file /home/fleming/.cache/yay/rdkit/src/rdkit-Release_2019_09_3/Code/GraphMol/Descriptors/PMI.cpp
Failed Expression: mol.getNumConformers() >= 1
****

[15:30:58]

****
Pre-condition Violation
molecule has no conformers
Violation occurred on line 132 in file /home/fleming/.cache/yay/rdkit/src/rdkit-Release_2019_09_3/Code/GraphMol/Descriptors/PMI.cpp
Failed Expression: mol.getNumConformers() >= 1
****

[15:30:58]

****
Pre-condition Violation
molecule has no conformers
Violation occurred on line 141 in file /home/fleming/.cache/yay/rdkit/src/rdkit-Release_2019_09_3/Code/GraphMol/Descriptors/PMI.cpp
Failed Expression: mol.getNumConformers() >= 1
****

[15:30:58]

****
Pre-condition Violation
molecule has no conformers
Violation occurred on line 150 in file /home/fleming/.cache/yay/rdkit/src/rdkit-Release_2019_09_3/Code/GraphMol/Descriptors/PMI.cpp
Failed Expression: mol.getNumConformers() >= 1
****

[15:30:58]

****
Pre-condition Violation
molecule has no conformers
Violation occurred on line 161 in file /home/fleming/.cache/yay/rdkit/src/rdkit-Release_2019_09_3/Code/GraphMol/Descriptors/PMI.cpp
Failed Expression: mol.getNumConformers() >= 1
****

[15:30:58]

****
Pre-condition Violation
molecule has no conformers
Violation occurred on line 222 in file /home/fleming/.cache/yay/rdkit/src/rdkit-Release_2019_09_3/Code/GraphMol/Descriptors/PMI.cpp
Failed Expression: mol.getNumConformers() >= 1
****

[15:30:58]

****
Pre-condition Violation
molecule has no conformers
Violation occurred on line 204 in file /home/fleming/.cache/yay/rdkit/src/rdkit-Release_2019_09_3/Code/GraphMol/Descriptors/PMI.cpp
Failed Expression: mol.getNumConformers() >= 1
****

[15:30:58]

****
Pre-condition Violation
molecule has no conformers
Violation occurred on line 188 in file /home/fleming/.cache/yay/rdkit/src/rdkit-Release_2019_09_3/Code/GraphMol/Descriptors/PMI.cpp
Failed Expression: mol.getNumConformers() >= 1
****

[15:30:58]

****
Pre-condition Violation
molecule has no conformers
Violation occurred on line 173 in file /home/fleming/.cache/yay/rdkit/src/rdkit-Release_2019_09_3/Code/GraphMol/Descriptors/PMI.cpp
Failed Expression: mol.getNumConformers() >= 1
****

[15:30:58]

****
Pre-condition Violation
molecule has no conformers
Violation occurred on line 112 in file /home/fleming/.cache/yay/rdkit/src/rdkit-Release_2019_09_3/Code/GraphMol/Descriptors/PMI.cpp
Failed Expression: mol.getNumConformers() >= 1
****

[15:30:58]

****
Pre-condition Violation
molecule has no conformers
Violation occurred on line 122 in file /home/fleming/.cache/yay/rdkit/src/rdkit-Release_2019_09_3/Code/GraphMol/Descriptors/PMI.cpp
Failed Expression: mol.getNumConformers() >= 1
****

[15:30:58]

****
Pre-condition Violation
molecule has no conformers
Violation occurred on line 132 in file /home/fleming/.cache/yay/rdkit/src/rdkit-Release_2019_09_3/Code/GraphMol/Descriptors/PMI.cpp
Failed Expression: mol.getNumConformers() >= 1
****

[15:30:58]

****
Pre-condition Violation
molecule has no conformers
Violation occurred on line 141 in file /home/fleming/.cache/yay/rdkit/src/rdkit-Release_2019_09_3/Code/GraphMol/Descriptors/PMI.cpp
Failed Expression: mol.getNumConformers() >= 1
****

[15:30:58]

****
Pre-condition Violation
molecule has no conformers
Violation occurred on line 150 in file /home/fleming/.cache/yay/rdkit/src/rdkit-Release_2019_09_3/Code/GraphMol/Descriptors/PMI.cpp
Failed Expression: mol.getNumConformers() >= 1
****

[15:30:58]

****
Pre-condition Violation
molecule has no conformers
Violation occurred on line 161 in file /home/fleming/.cache/yay/rdkit/src/rdkit-Release_2019_09_3/Code/GraphMol/Descriptors/PMI.cpp
Failed Expression: mol.getNumConformers() >= 1
****

[15:30:58]

****
Pre-condition Violation
molecule has no conformers
Violation occurred on line 222 in file /home/fleming/.cache/yay/rdkit/src/rdkit-Release_2019_09_3/Code/GraphMol/Descriptors/PMI.cpp
Failed Expression: mol.getNumConformers() >= 1
****

[15:31:00] UFFTYPER: Unrecognized charge state for atom: 1
[15:31:00]

****
Pre-condition Violation
molecule has no conformers
Violation occurred on line 204 in file /home/fleming/.cache/yay/rdkit/src/rdkit-Release_2019_09_3/Code/GraphMol/Descriptors/PMI.cpp
Failed Expression: mol.getNumConformers() >= 1
****

[15:31:00]

****
Pre-condition Violation
molecule has no conformers
Violation occurred on line 188 in file /home/fleming/.cache/yay/rdkit/src/rdkit-Release_2019_09_3/Code/GraphMol/Descriptors/PMI.cpp
Failed Expression: mol.getNumConformers() >= 1
****

[15:31:00]

****
Pre-condition Violation
molecule has no conformers
Violation occurred on line 173 in file /home/fleming/.cache/yay/rdkit/src/rdkit-Release_2019_09_3/Code/GraphMol/Descriptors/PMI.cpp
Failed Expression: mol.getNumConformers() >= 1
****

[15:31:00]

****
Pre-condition Violation
molecule has no conformers
Violation occurred on line 112 in file /home/fleming/.cache/yay/rdkit/src/rdkit-Release_2019_09_3/Code/GraphMol/Descriptors/PMI.cpp
Failed Expression: mol.getNumConformers() >= 1
****

[15:31:00]

****
Pre-condition Violation
molecule has no conformers
Violation occurred on line 122 in file /home/fleming/.cache/yay/rdkit/src/rdkit-Release_2019_09_3/Code/GraphMol/Descriptors/PMI.cpp
Failed Expression: mol.getNumConformers() >= 1
****

[15:31:00]

****
Pre-condition Violation
molecule has no conformers
Violation occurred on line 132 in file /home/fleming/.cache/yay/rdkit/src/rdkit-Release_2019_09_3/Code/GraphMol/Descriptors/PMI.cpp
Failed Expression: mol.getNumConformers() >= 1
****

[15:31:00]

****
Pre-condition Violation
molecule has no conformers
Violation occurred on line 141 in file /home/fleming/.cache/yay/rdkit/src/rdkit-Release_2019_09_3/Code/GraphMol/Descriptors/PMI.cpp
Failed Expression: mol.getNumConformers() >= 1
****

[15:31:00]

****
Pre-condition Violation
molecule has no conformers
Violation occurred on line 150 in file /home/fleming/.cache/yay/rdkit/src/rdkit-Release_2019_09_3/Code/GraphMol/Descriptors/PMI.cpp
Failed Expression: mol.getNumConformers() >= 1
****

[15:31:00]

****
Pre-condition Violation
molecule has no conformers
Violation occurred on line 161 in file /home/fleming/.cache/yay/rdkit/src/rdkit-Release_2019_09_3/Code/GraphMol/Descriptors/PMI.cpp
Failed Expression: mol.getNumConformers() >= 1
****

[15:31:00]

****
Pre-condition Violation
molecule has no conformers
Violation occurred on line 222 in file /home/fleming/.cache/yay/rdkit/src/rdkit-Release_2019_09_3/Code/GraphMol/Descriptors/PMI.cpp
Failed Expression: mol.getNumConformers() >= 1
****

Traceback (most recent call last):
  File "ranknet.py", line 865, in <module>
    data.compute_features(filter_features=args.type, n_thr=args.num_features, verbose=args.verbose)
  File "ranknet.py", line 431, in compute_features
    features_unique = features(smiles_unique, filter_=filter_features, verbose=verbose,
  File "ranknet.py", line 159, in features
    res = pool.starmap(compute_descriptors, to_calc)
  File "/usr/lib/python3.8/multiprocessing/pool.py", line 372, in starmap
    return self._map_async(func, iterable, starmapstar, chunksize).get()
  File "/usr/lib/python3.8/multiprocessing/pool.py", line 765, in get
    self.wait(timeout)
  File "/usr/lib/python3.8/multiprocessing/pool.py", line 762, in wait
    self._event.wait(timeout)
  File "/usr/lib/python3.8/threading.py", line 558, in wait
    signaled = self._cond.wait(timeout)
  File "/usr/lib/python3.8/threading.py", line 302, in wait
    waiter.acquire()
KeyboardInterrupt
interrupt
~/Documents/Projects/rt_ranknet $ python ranknet.py -i $train -e 100 -b 131072 --standardize --sizes 128 128 -t rdkit --sysinfo --columns_use_hsm --custom_column_fields column.flowrate column.length --test $test
usage: ranknet.py [-h] [-i INPUT [INPUT ...]] [-t {rdk,mordred,morgan3,3d,all}] [--test TEST [TEST ...]] [-f FEATURES [FEATURES ...]] [--standardize] [--reduce_features] [-b BATCH_SIZE] [--cclasses] [--sysinfo] [--usp_codes]
                  [--isomeric] [--repo_root_folder REPO_ROOT_FOLDER] [-e EPOCHS] [-v] [--no_bar] [--balance] [--sizes SIZES [SIZES ...]] [--pair_step PAIR_STEP] [--pair_stop PAIR_STOP] [--num_features NUM_FEATURES]
                  [--dropout_rate DROPOUT_RATE] [--classes_l_thr CLASSES_L_THR] [--classes_u_thr CLASSES_U_THR] [--void_rt VOID_RT] [--cache_file CACHE_FILE] [--run_name RUN_NAME] [--export_rois] [--use_weights]
                  [--debug_onehot_sys] [--device DEVICE] [--epsilon EPSILON] [--columns_use_hsm] [--columns_hsm_data COLUMNS_HSM_DATA] [--custom_column_fields [CUSTOM_COLUMN_FIELDS [CUSTOM_COLUMN_FIELDS ...]]]
ranknet.py: error: argument -t/--type: invalid choice: 'rdkit' (choose from 'rdk', 'mordred', 'morgan3', '3d', 'all')
~/Documents/Projects/rt_ranknet $ python ranknet.py -i $train -e 100 -b 131072 --standardize --sizes 128 128 -t rdk --sysinfo --columns_use_hsm --custom_column_fields column.flowrate column.length --test $test
[15:31:21] UFFTYPER: Unrecognized charge state for atom: 1
removed columns containing NA values:
Epoch 1/100
179/179 [==============================] - 38s 210ms/step - loss: 0.2910 - val_loss: 0.2521
Epoch 2/100
179/179 [==============================] - 38s 210ms/step - loss: 0.2033 - val_loss: 0.2438
Epoch 3/100
179/179 [==============================] - 38s 212ms/step - loss: 0.1777 - val_loss: 0.2360
Epoch 4/100
179/179 [==============================] - 40s 224ms/step - loss: 0.1641 - val_loss: 0.2361
Epoch 5/100
179/179 [==============================] - 39s 216ms/step - loss: 0.1567 - val_loss: 0.2380
train: 0.972
test: 0.953
val: 0.956
evaluating on different dataset(s) (['0015', '0023', '0067', '0077', '0028', '0040', '0030', '0033', '0037', '0058', '0068', '0070', '0095', '0180'])
0015: 0.912 	 (#data: 102)
0023: 0.649 	 (#data: 44) # column only twice in train data, both with different flowrate + length
0067: 0.974 	 (#data: 127)
0077: 0.983 	 (#data: 127)
0028: 0.853 	 (#data: 80) # column only once in train data, and with different flowrate + length
0040: 0.799 	 (#data: 78) # column only once in train data, and with different flowrate + length
0030: 0.962 	 (#data: 46)
0033: 0.692 	 (#data: 48) # column only once in train data, and with different flowrate + length
0037: 0.640 	 (#data: 29) # column only once in train data, and with different flowrate
0058: 0.868 	 (#data: 78) # column once in train data, with equal flowrate + length
0068: 0.979 	 (#data: 143)
0070: 0.987 	 (#data: 138)
0095: 0.998 	 (#data: 109)
0180: 0.981 	 (#data: 363)
~/Documents/Projects/rt_ranknet $ setq bla.blub 2
2
~/Documents/Projects/rt_ranknet $ echo $bla.blub
nil.blub
~/Documents/Projects/rt_ranknet $ echo "$bla.blub"
nil.blub
~/Documents/Projects/rt_ranknet $ echo ${bla.blub}
bla.blub: command not found
~/Documents/Projects/rt_ranknet $ echo $(bla.blub)
Symbols function definition is void: bla\.blub
~/Documents/Projects/rt_ranknet $ setq train_B_1 `("0001" "0002" "0004" "0005" "0008" "0010" "0016" "0025" "0029" "0034" "0045" "0050" "0051" "0053" "0059" "0071" "0072" "0073" "0074" "0075" "0076" "0078" "0079" "0080" "0081" "0082" "0083" "0084" "0085" "0086" "0087" "0088" "0089" "0090" "0091" "0092" "0093" "0094" "0096" "0097" "0098" "0099" "0100" "0101" "0124" "0125" "0127" "0128" "0129" "0130" "0131" "0132" "0133" "0134" "0135" "0136" "0137" "0138" "0139" "0140" "0141" "0142" "0143" "0144" "0145" "0146" "0147" "0148" "0149" "0150" "0151" "0152" "0153" "0154" "0155" "0156" "0157" "0158" "0179" "0181" "0182")
("0001" "0002" "0004" "0005" "0008" "0010" "0016" "0025" "0029" "0034" "0045" "0050" "0051" "0053" "0059" "0071" "0072" "0073" "0074" "0075" "0076" "0078" "0079" "0080" "0081" "0082" "0083" "0084" "0085" "0086" "0087" "0088" "0089" "0090" "0091" "0092" "0093" "0094" "0096" "0097" "0098" "0099" "0100" "0101" "0124" "0125" "0127" "0128" "0129" "0130" "0131" "0132" "0133" "0134" "0135" "0136" "0137" "0138" "0139" "0140" "0141" "0142" "0143" "0144" "0145" "0146" "0147" "0148" "0149" "0150" "0151" "0152" "0153" "0154" "0155" "0156" "0157" "0158" "0179" "0181" "0182")
~/Documents/Projects/rt_ranknet $ setq test_B_1 `("0015" "0023" "0028" "0030" "0031" "0033" "0037" "0040" "0058" "0067" "0068" "0070" "0077" "0095" "0180")
("0015" "0023" "0028" "0030" "0031" "0033" "0037" "0040" "0058" "0067" "0068" "0070" "0077" "0095" "0180")
~/Documents/Projects/rt_ranknet $ setq train_B_2 `("0004" "0008" "0010" "0016" "0029" "0031" "0034" "0045" "0051" "0053" "0059" "0071" "0072" "0073" "0074" "0075" "0076" "0078" "0079" "0080" "0081" "0082" "0083" "0084" "0085" "0086" "0087" "0088" "0089" "0090" "0091" "0092" "0093" "0094" "0096" "0097" "0098" "0099" "0100" "0101" "0124" "0125" "0127" "0128" "0129" "0130" "0131" "0132" "0133" "0134" "0135" "0136" "0137" "0138" "0139" "0140" "0141" "0142" "0143" "0144" "0145" "0146" "0147" "0148" "0149" "0150" "0151" "0152" "0153" "0154" "0155" "0156" "0157" "0158" "0179" "0181" "0182")
("0004" "0008" "0010" "0016" "0029" "0031" "0034" "0045" "0051" "0053" "0059" "0071" "0072" "0073" "0074" "0075" "0076" "0078" "0079" "0080" "0081" "0082" "0083" "0084" "0085" "0086" "0087" "0088" "0089" "0090" "0091" "0092" "0093" "0094" "0096" "0097" "0098" "0099" "0100" "0101" "0124" "0125" "0127" "0128" "0129" "0130" "0131" "0132" "0133" "0134" "0135" "0136" "0137" "0138" "0139" "0140" "0141" "0142" "0143" "0144" "0145" "0146" "0147" "0148" "0149" "0150" "0151" "0152" "0153" "0154" "0155" "0156" "0157" "0158" "0179" "0181" "0182")
~/Documents/Projects/rt_ranknet $ setq test_B_2 `("0001" "0002" "0005" "0015" "0023" "0025" "0028" "0030" "0033" "0037" "0040" "0050" "0058" "0067" "0068" "0070" "0077" "0095" "0180")
("0001" "0002" "0005" "0015" "0023" "0025" "0028" "0030" "0033" "0037" "0040" "0050" "0058" "0067" "0068" "0070" "0077" "0095" "0180")
~/Documents/Projects/rt_ranknet $ python ranknet.py -i $train_B_1 -e 100 -b 131072 --standardize --sizes 128 128 -t rdk --sysinfo --columns_use_hsm --custom_column_fields column.flowrate column.length --test $test_B_1
removed columns containing NA values:
Epoch 1/100
178/178 [==============================] - 38s 213ms/step - loss: 0.2849 - val_loss: 0.2375
Epoch 2/100
178/178 [==============================] - 37s 207ms/step - loss: 0.1985 - val_loss: 0.2331
Epoch 3/100
178/178 [==============================] - 37s 208ms/step - loss: 0.1743 - val_loss: 0.2394
Epoch 4/100
178/178 [==============================] - 37s 209ms/step - loss: 0.1635 - val_loss: 0.2453
train: 0.968
test: 0.948
val: 0.950
evaluating on different dataset(s) (['0015', '0023', '0028', '0030', '0031', '0033', '0037', '0040', '0058', '0067', '0068', '0070', '0077', '0095', '0180'])
0015: 0.902 	 (#data: 102)
0023: 0.640 	 (#data: 44)
0028: 0.876 	 (#data: 80)
0030: 0.974 	 (#data: 46)
0031: 0.929 	 (#data: 43)
0033: 0.748 	 (#data: 48)
0037: 0.645 	 (#data: 29)
0040: 0.761 	 (#data: 78)
0058: 0.863 	 (#data: 78)
0067: 0.971 	 (#data: 127)
0068: 0.979 	 (#data: 143)
0070: 0.989 	 (#data: 138)
0077: 0.988 	 (#data: 127)
0095: 0.998 	 (#data: 109)
0180: 0.981 	 (#data: 363)
~/Documents/Projects/rt_ranknet $ python ranknet.py -i $train_B_2 -e 100 -b 131072 --standardize --sizes 128 128 -t rdk --sysinfo --columns_use_hsm --custom_column_fields column.flowrate column.length --test $test_B_2
removed columns containing NA values:
Epoch 1/100
148/148 [==============================] - 31s 210ms/step - loss: 0.2763 - val_loss: 0.2354
Epoch 2/100
148/148 [==============================] - 31s 208ms/step - loss: 0.1903 - val_loss: 0.2141
Epoch 3/100
148/148 [==============================] - 31s 212ms/step - loss: 0.1727 - val_loss: 0.2067
Epoch 4/100
148/148 [==============================] - 33s 226ms/step - loss: 0.1654 - val_loss: 0.2050
Epoch 5/100
148/148 [==============================] - 31s 209ms/step - loss: 0.1614 - val_loss: 0.1979
Epoch 6/100
148/148 [==============================] - 31s 212ms/step - loss: 0.1589 - val_loss: 0.2004
Epoch 7/100
148/148 [==============================] - 31s 210ms/step - loss: 0.1567 - val_loss: 0.1972
Epoch 8/100
148/148 [==============================] - 31s 209ms/step - loss: 0.1552 - val_loss: 0.1916
Epoch 9/100
148/148 [==============================] - 31s 208ms/step - loss: 0.1541 - val_loss: 0.1946
Epoch 10/100
148/148 [==============================] - 31s 211ms/step - loss: 0.1527 - val_loss: 0.1957
train: 0.978
test: 0.963
val: 0.969
evaluating on different dataset(s) (['0001', '0002', '0005', '0015', '0023', '0025', '0028', '0030', '0033', '0037', '0040', '0050', '0058', '0067', '0068', '0070', '0077', '0095', '0180'])
0001: 0.849 	 (#data: 72)
0002: 0.896 	 (#data: 403)
0005: 0.963 	 (#data: 68)
0015: 0.901 	 (#data: 102)
0023: 0.589 	 (#data: 44)
0025: 0.954 	 (#data: 77)
0028: 0.758 	 (#data: 80)
0030: 0.968 	 (#data: 46)
0033: 0.662 	 (#data: 48)
0037: 0.596 	 (#data: 29)
0040: 0.828 	 (#data: 78)
0050: 0.839 	 (#data: 198)
0058: 0.927 	 (#data: 78)
0067: 0.977 	 (#data: 127)
0068: 0.981 	 (#data: 143)
0070: 0.996 	 (#data: 138)
0077: 0.984 	 (#data: 127)
0095: 1.000 	 (#data: 109)
0180: 0.986 	 (#data: 363)
~/Documents/Projects/rt_ranknet $ setq train_B_3 `("0001" "0002" "0004" "0005" "0008" "0010" "0016" "0025" "0029" "0034" "0045" "0050" "0051" "0059" "0071" "0072" "0073" "0074" "0075" "0076" "0078" "0079" "0080" "0081" "0082" "0083" "0084" "0085" "0086" "0087" "0088" "0089" "0090" "0091" "0092" "0093" "0094" "0096" "0097" "0098" "0099" "0100" "0101" "0124" "0127" "0128" "0129" "0130" "0131" "0132" "0133" "0134" "0135" "0136" "0137" "0138" "0139" "0140" "0141" "0142" "0143" "0144" "0145" "0146" "0147" "0148" "0149" "0150" "0151" "0152" "0153" "0154" "0155" "0156" "0157" "0158" "0179" "0181" "0182")
("0001" "0002" "0004" "0005" "0008" "0010" "0016" "0025" "0029" "0034" "0045" "0050" "0051" "0059" "0071" "0072" "0073" "0074" "0075" "0076" "0078" "0079" "0080" "0081" "0082" "0083" "0084" "0085" "0086" "0087" "0088" "0089" "0090" "0091" "0092" "0093" "0094" "0096" "0097" "0098" "0099" "0100" "0101" "0124" "0127" "0128" "0129" "0130" "0131" "0132" "0133" "0134" "0135" "0136" "0137" "0138" "0139" "0140" "0141" "0142" "0143" "0144" "0145" "0146" "0147" "0148" "0149" "0150" "0151" "0152" "0153" "0154" "0155" "0156" "0157" "0158" "0179" "0181" "0182")
~/Documents/Projects/rt_ranknet $ setq test_B_3 `("0015" "0023" "0028" "0030" "0031" "0033" "0037" "0040" "0053" "0058" "0067" "0068" "0070" "0077" "0095" "0125" "0180")
("0015" "0023" "0028" "0030" "0031" "0033" "0037" "0040" "0053" "0058" "0067" "0068" "0070" "0077" "0095" "0125" "0180")
~/Documents/Projects/rt_ranknet $ python ranknet.py -i $train_B_3 -e 100 -b 131072 --standardize --sizes 128 128 -t rdk --sysinfo --columns_use_hsm --custom_column_fields column.flowrate column.length --test $test_B_3
removed columns containing NA values:
Epoch 1/100
172/172 [==============================] - 36s 210ms/step - loss: 0.3007 - val_loss: 0.2563
Epoch 2/100
172/172 [==============================] - 38s 222ms/step - loss: 0.2043 - val_loss: 0.2252
Epoch 3/100
172/172 [==============================] - 38s 220ms/step - loss: 0.1773 - val_loss: 0.2242
Epoch 4/100
172/172 [==============================] - 38s 218ms/step - loss: 0.1663 - val_loss: 0.2278
Epoch 5/100
172/172 [==============================] - 37s 215ms/step - loss: 0.1602 - val_loss: 0.2348
train: 0.972
test: 0.955
val: 0.951
evaluating on different dataset(s) (['0015', '0023', '0028', '0030', '0031', '0033', '0037', '0040', '0053', '0058', '0067', '0068', '0070', '0077', '0095', '0125', '0180'])
0015: 0.900 	 (#data: 102)
0023: 0.661 	 (#data: 44)
0028: 0.904 	 (#data: 80)
0030: 0.962 	 (#data: 46)
0031: 0.930 	 (#data: 43)
0033: 0.737 	 (#data: 48)
0037: 0.793 	 (#data: 29)
0040: 0.795 	 (#data: 78)
0053: 0.762 	 (#data: 56)
0058: 0.885 	 (#data: 78)
0067: 0.971 	 (#data: 127)
0068: 0.966 	 (#data: 143)
0070: 0.990 	 (#data: 138)
0077: 0.986 	 (#data: 127)
0095: 0.999 	 (#data: 109)
0125: 0.957 	 (#data: 91)
0180: 0.983 	 (#data: 363)
~/Documents/Projects/rt_ranknet $ python ranknet.py -i $train_B_3 -e 100 -b 131072 --standardize --sizes 128 128 -t rdk --sysinfo --columns_use_hsm --custom_column_fields column.flowrate column.length --test $test_B_3